Start testing: Sep 14 21:12 Eastern Daylight Time
----------------------------------------------------------
40/55 Testing: main_window_interaction_test
40/55 Test: main_window_interaction_test
Command: "C:/Users/andre/Documents/Code/apop_patched/apophysis-cpp/build-release/tests/ui/main_window_interaction_test.exe"
Directory: C:/Users/andre/Documents/Code/apop_patched/apophysis-cpp/build-release/tests/ui
"main_window_interaction_test" start time: Sep 14 21:12 Eastern Daylight Time
Output:
----------------------------------------------------------
ok: MainWindow exposes a newFlameAction
ok: New Flame opens an EditorWindow child
ok: the new flame is titled 'Untitled'
ok: EditorWindow exposes its xform list
ok: a new blank flame starts with exactly one active, editable xform
ok: test setup: writing the input fixture succeeds
ok: MainWindow exposes a saveFlameAsAction
ok: Save Flame As from MainWindow writes a file FlameIO can load back
ok: test setup: writing a 3-flame fixture succeeds
ok: list and saveAllFlamesAction found
ok: the fixture's 3 flames are all listed
ok: Save All Parameters writes every flame in the library, not just the selected one
ok: the saved flames are written in library order with their names intact
ok: MainWindow exposes a saveAllFlamesAction
ok: saveAllFlamesAction is enabled even with nothing selected
ok: test setup: writing a 2-flame fixture succeeds
ok: list and copyFlameAction found
ok: copyFlameAction is enabled once openFlameFile's automatic row-0 selection lands
ok: Copy puts the selected flame's XML (with its own name, not some other flame's) on the system clipboard
ok: test setup: writing a 2-flame fixture succeeds
ok: list and pasteFlameAction found
ok: the fixture's 2 flames are both listed
ok: Paste adds exactly one entry to the library
ok: the pasted flame is inserted immediately after the selected entry, matching Duplicate's own insert-after convention
ok: Paste selects the newly inserted entry
ok: the pasted entry's Save Flame As writes a loadable file
ok: the pasted flame's actual fields (not just its name) came from the clipboard XML
ok: list and pasteFlameAction found
ok: a fresh MainWindow's library starts empty
ok: Paste into an empty library inserts a single entry at row 0, not a crash from selectedIndex_ == -1
ok: list and pasteFlameAction found
ok: pasting unparseable clipboard text leaves the library untouched (a warning box is shown instead)
ok: MainWindow exposes a renderAllFlamesAction
ok: triggering Render All Flames on an empty library shows an info box instead of opening a dialog
ok: no RenderAllDialog is created for an empty library
ok: test setup: writing a 2-flame fixture succeeds
ok: MainWindow exposes a renderAllFlamesAction
ok: Render All Flames opens a RenderAllDialog child
ok: the opened dialog carries every flame currently in the library, not just the selected one
ok: MainWindow exposes undoAction/redoAction
ok: Undo/Redo both start disabled on a fresh window
ok: Undo uses the platform-standard Undo shortcut
ok: Redo uses the platform-standard Redo shortcut
ok: test setup: writing a 1-flame fixture succeeds
ok: controls found
ok: Undo is still disabled before Reset Location happens
ok: Reset Location pushes an undo entry and clears redo
ok: the flame's Save Flame As writes a loadable file after Undo
ok: Undo restores the exact pre-Reset-Location zoom/center
ok: after undoing the only entry, Undo is disabled and Redo is enabled
ok: the flame's Save Flame As writes a loadable file after Redo
ok: Redo re-applies Reset Location's own zoom=0 effect
ok: Redo re-applies Reset Location's own auto-framed center, not the stale pre-reset one
ok: after redoing, Undo is enabled again and Redo is disabled
ok: test setup: writing a 1-flame fixture succeeds
ok: controls found
ok: the rename took effect in the list
ok: renaming pushes an undo entry
ok: Undo reverts the list label back to the original name
ok: Save Flame As after Undo writes a loadable file
ok: Undo reverts the underlying Flame's actual name field too
ok: Redo re-applies the rename to the list label
ok: Save Flame As after Redo writes a loadable file
ok: Redo re-applies the rename to the underlying Flame too
ok: test setup: writing a 3-flame fixture succeeds
ok: controls found
ok: Delete removed exactly 'Beta', leaving Alpha/Gamma
ok: Delete pushes an undo entry
ok: Undo restores the deleted entry, bringing the count back to 3
ok: Undo restores 'Beta' at its original index, not just anywhere in the list
ok: after undoing a Delete, Redo becomes available
ok: Redo removes 'Beta' again, back to a count of 2
ok: Redo removes exactly the same entry Delete originally removed
ok: test setup: writing a 2-flame fixture succeeds
ok: controls found
ok: Paste inserted 'Pasted' at row 1
ok: Paste pushes an undo entry
ok: Undo removes the pasted entry, restoring the original 2-flame library
ok: after undoing a Paste, Redo becomes available
ok: Redo re-inserts the pasted entry at the same row
ok: Save Flame As after Redo writes a loadable file
ok: Redo's re-inserted entry is selected and carries the original pasted content
ok: test setup: writing a 1-flame fixture succeeds
ok: controls found
ok: the initial preview render completes
ok: Undo is still disabled before any camera gesture happens
ok: a settled wheel-zoom gesture pushes exactly one undo entry
ok: Save Flame As after Undo writes a loadable file
ok: Undo reverts the wheel-zoom gesture's Flame::zoom change back to 0
ok: after undoing the camera gesture, Redo becomes available
ok: Save Flame As after Redo writes a loadable file
ok: Redo re-applies the wheel-zoom gesture's Flame::zoom change
ok: test setup: writing a 1-flame fixture succeeds
ok: controls found
ok: all 35 renames took effect
ok: after exactly 32 undos, the name lands on 'R3' - the boundary kMaxUndoEntries=32 promises, not further back
ok: the undo stack is now empty (older history beyond the 32-entry bound was discarded)
ok: a 33rd undo attempt past an empty stack changes nothing
ok: MainWindow exposes a smoothPaletteAction
ok: smoothPaletteAction starts disabled - a fresh MainWindow has nothing selected
ok: test setup: writing a 1-flame fixture succeeds
ok: controls found
ok: smoothPaletteAction becomes enabled once a library entry is selected
ok: Save Flame As before Apply writes a loadable file
ok: triggering Smooth Palette opens a SmoothPaletteDialog child
ok: applyButton found
ok: opening the dialog and generating a preview doesn't itself push an undo entry - only Apply does
ok: clicking Apply pushes an undo entry
ok: Save Flame As after Apply writes a loadable file
ok: Apply actually changed the selected flame's gradient
ok: Save Flame As after Undo writes a loadable file
ok: Undo restores the flame's original gradient
ok: after undoing Smooth Palette, Redo becomes available
ok: Save Flame As after Redo writes a loadable file
ok: Redo re-applies the exact same smoothed gradient Apply originally produced
ok: test setup: writing a 1-flame fixture succeeds
ok: list found
ok: a fresh window's library starts empty
ok: dropping a .flame file's URL onto the window opens it into the library, same as File > Open
ok: dragging a local file URL over the window is accepted
ok: dragging plain text with no file URLs is rejected, not accepted indiscriminately
ok: test setup: writing a 2-flame fixture succeeds
ok: list found
ok: dropping a file with multiple <flame> entries lists all of them, exactly like openFlameFile()
ok: list found
ok: dropping an unparseable file leaves the library empty (a warning box is shown instead)
ok: EditorWindow exposes a saveFlameAsAction
ok: Save Flame As from EditorWindow writes a file FlameIO can load back
ok: the saved file reflects the actual edited flame's coefficients, not some default
ok: MainWindow exposes a newRandomBatchAction
ok: MainWindow exposes its flame list
ok: New Random Batch generates exactly the requested number of flames
ok: the window title reflects the random batch
ok: MainWindow exposes a newRandomBatchAction
ok: New Random Batch has a Ctrl+B shortcut, matching Main.dfm's own mnuRandomBatch (ShortCut = 16450, decoded as Ctrl+B)
ok: newRandomBatchAction/editFlameAction/list found
ok: editFlameAction starts disabled - a fresh MainWindow's library is empty
ok: the random batch populated the library with 2 flames
ok: editFlameAction becomes enabled once a batch-generated flame is selected
ok: Edit Flame opens an EditorWindow for a random-batch-generated flame
ok: the opened editor is for the actually-selected batch flame (the first one), not some other one
ok: editFlameAction/duplicateFlameAction/renameFlameAction/deleteFlameAction/resetLocationAction found
ok: Edit/Duplicate/Rename/Delete/Reset Location all start disabled - a fresh MainWindow has nothing selected in its (empty) library
ok: test setup: writing a 2-flame fixture succeeds
ok: list/renameFlameAction/saveFlameAsAction found
ok: the fixture's 2 flames are both listed
ok: renameFlameAction becomes enabled once a library entry is selected
ok: Save Flame As after a rename still writes a loadable file
ok: the rename reached the underlying Flame's name field, not just the list label
ok: test setup: writing a 3-flame fixture succeeds
ok: list and deleteFlameAction found
ok: the fixture's 3 flames are all listed
ok: confirming Delete removes exactly one entry from the library list
ok: the remaining entries are exactly the ones not deleted, in their original order
ok: test setup: writing a 2-flame fixture succeeds
ok: list and deleteFlameAction found
ok: declining the confirmation prompt leaves the library untouched
ok: test setup: writing a 3-flame fixture succeeds
ok: list and duplicateFlameAction found
ok: the fixture's 3 flames are all listed
ok: duplicateFlameAction becomes enabled once a library entry is selected
ok: Duplicate Flame adds exactly one entry to the library
ok: entries before the duplicated one are untouched
ok: the duplicate is inserted immediately after its source
ok: entries after the duplicated one shift down a row but keep their own identity
ok: Duplicate Flame selects the newly created copy
ok: test setup: writing a 1-flame fixture succeeds
ok: list and duplicateFlameAction found
ok: the duplicate is created and selected
ok: the duplicate's Save Flame As writes a loadable file
ok: the duplicate is a full clone - its own affine coefficients match the source's exactly
ok: test setup: writing a 1-flame fixture succeeds
ok: list and resetLocationAction found
ok: resetLocationAction becomes enabled once a library entry is selected
ok: Save Flame As after Reset Location still writes a loadable file
ok: Reset Location zeroes the flame's zoom
ok: Reset Location recomputes center away from its stale, pre-reset value (auto-framed onto the flame's own actual content, not just zeroed)
ok: MainWindow exposes a resetLocationAction
ok: Reset Location has an F12 shortcut, matching Main.dfm's own mnuResetLocation (ShortCut = 123 = F12, no modifiers)
ok: list/viewThumbnailsAction/viewListAction found
ok: Thumbnails starts checked, matching this port's own established default (see AppSettings.h)
ok: the list widget starts in IconMode
ok: triggering List switches the mutually-exclusive toolbar pair's checked state
ok: triggering List switches the list widget to ListMode
ok: triggering List persists the choice to AppSettings
ok: triggering Thumbnails switches back to IconMode
ok: triggering Thumbnails persists the choice to AppSettings
ok: test setup: writing a 1-flame fixture succeeds
ok: the fixture flame is listed
ok: list mode never requests a thumbnail for a newly listed flame
ok: test setup: writing a 1-flame fixture succeeds
ok: fixture listed and viewThumbnailsAction found
ok: starts with no thumbnail, having been listed while in list mode
ok: switching to Thumbnails backfills a thumbnail for an entry that never had one requested
ok: MainWindow exposes a newFlameAction
ok: New Flame opened an EditorWindow with a saveFlameAsAction
ok: New Flame's Save Flame As writes a loadable file
ok: a brand-new blank flame carries the configured render defaults (gamma/brightness/oversample), not Flame's own class defaults
ok: newRandomBatchAction and list found
ok: the batch produced exactly 1 flame
ok: the batch-generated flame's name uses the configured title prefix
ok: the batch flame's Save Flame As writes a loadable file
ok: the batch-generated flame's xform count matches the configured min=max=3 range
ok: the batch-generated flame carries the configured render defaults
ok: newRandomBatchAction and list found
ok: the batch produced exactly 1 flame
ok: the symmetric batch flame's Save Flame As writes a loadable file
ok: rotational order-5 forced symmetry on a 1-xform random flame yields 1 + (5-1) = 5 total xforms (matches core/edit/Symmetry.h's addSymmetry(), already unit-tested independently in symmetry_test.cpp)
ok: newRandomBatchAction and list found
ok: the batch produced exactly 1 flame
ok: the batch flame's Save Flame As writes a loadable file
ok: the batch-generated flame's xforms all use the configured forced variation (Options > Random)
ok: the batch-generated flame's gradient is an exact copy of a built-in preset, matching the configured Random preset gradient source
ok: newRandomBatchAction and list found
ok: the batch produced exactly 1 flame
ok: the batch flame's Save Flame As writes a loadable file
ok: with every other variation disabled in Options, the random draw lands on the one still-enabled variation (Options > Variations checklist)
ok: newRandomBatchAction, list, and PreviewLabel found
ok: the batch produced exactly 1 flame
ok: the batch flame's initial preview render completes
ok: a wheel-zoom gesture on the preview requests a fresh render
ok: the wheel gesture's re-render completes
ok: the flame's Save Flame As writes a loadable file after the camera gesture
ok: the wheel gesture's Flame::zoom change reached the actual selected flame, not just a preview clone
ok: test setup: writing a fixture succeeds
ok: the main preview's full-quality render shows a live percent/elapsed/remaining status (plan's P2.5), matching Main.pas's own OnProgress panels
ok: the status bar still reports the final "Rendered..." message once the render completes
ok: MainWindow exposes an aboutAction
ok: triggering About opens a modal dialog titled 'About ...' and it closes cleanly

all checks passed
<end of output>
Test time =   6.51 sec
----------------------------------------------------------
Test Passed.
"main_window_interaction_test" end time: Sep 14 21:12 Eastern Daylight Time
"main_window_interaction_test" time elapsed: 00:00:06
----------------------------------------------------------

End testing: Sep 14 21:12 Eastern Daylight Time
