Start testing: Sep 14 11:47 Eastern Daylight Time
----------------------------------------------------------
1/55 Testing: all_plugins_smoke_test
1/55 Test: all_plugins_smoke_test
Command: "C:/Users/andre/Documents/Code/apop_patched/apophysis-cpp/build-release/tests/all_plugins_smoke_test.exe"
Directory: C:/Users/andre/Documents/Code/apop_patched/apophysis-cpp/build-release/tests
"all_plugins_smoke_test" start time: Sep 14 11:47 Eastern Daylight Time
Output:
----------------------------------------------------------
ok: total registered (native + plugin) variation count matches expectations
ok: bcircle plugin is registered
ok: barycentroid plugin is registered
ok: boarders2 plugin is registered
ok: coswrap plugin is registered
ok: dc_boarders plugin is registered
ok: dc_bubble plugin is registered
ok: dc_carpet plugin is registered
ok: dc_cube plugin is registered
ok: dc_gridout plugin is registered
ok: dc_linear plugin is registered
ok: dc_mandelbrot plugin is registered
ok: dc_triangle plugin is registered
ok: dc_ztransl plugin is registered
ok: ex plugin is registered
ok: extrude plugin is registered
ok: falloff plugin is registered
ok: fisheye plugin is registered
ok: gdoffs plugin is registered
ok: handkerchief plugin is registered
ok: hexcrop plugin is registered
ok: julia plugin is registered
ok: julian2 plugin is registered
ok: julian2dc plugin is registered
ok: npolar plugin is registered
ok: octapol plugin is registered
ok: polynomial plugin is registered
ok: post_bwraps2 plugin is registered
ok: post_dcztransl plugin is registered
ok: post_julian2 plugin is registered
ok: post_mirror_x plugin is registered
ok: post_mirror_y plugin is registered
ok: post_mirror_z plugin is registered
ok: post_polar2 plugin is registered
ok: post_rblur plugin is registered
ok: pre_boarders2 plugin is registered
ok: pre_bwraps2 plugin is registered
ok: pre_dcztransl plugin is registered
ok: pre_polar2 plugin is registered
ok: ripple plugin is registered
ok: sigmoid plugin is registered
ok: sinusgrid plugin is registered
ok: spherical2 plugin is registered
ok: stwin plugin is registered
ok: psphere plugin is registered
ok: wavesn plugin is registered
ok: xheart plugin is registered
ok: xtrb plugin is registered
ok: bcircle produces finite output across sample points
ok: barycentroid produces finite output across sample points
ok: boarders2 produces finite output across sample points
ok: coswrap produces finite output across sample points
ok: dc_boarders produces finite output across sample points
ok: dc_bubble produces finite output across sample points
ok: dc_carpet produces finite output across sample points
ok: dc_cube produces finite output across sample points
ok: dc_gridout produces finite output across sample points
ok: dc_linear produces finite output across sample points
ok: dc_mandelbrot produces finite output across sample points
ok: dc_triangle produces finite output across sample points
ok: dc_ztransl produces finite output across sample points
ok: ex produces finite output across sample points
ok: extrude produces finite output across sample points
ok: falloff produces finite output across sample points
ok: fisheye produces finite output across sample points
ok: gdoffs produces finite output across sample points
ok: handkerchief produces finite output across sample points
ok: hexcrop produces finite output across sample points
ok: julia produces finite output across sample points
ok: julian2 produces finite output across sample points
ok: julian2dc produces finite output across sample points
ok: npolar produces finite output across sample points
ok: octapol produces finite output across sample points
ok: polynomial produces finite output across sample points
ok: post_bwraps2 produces finite output across sample points
ok: post_dcztransl produces finite output across sample points
ok: post_julian2 produces finite output across sample points
ok: post_mirror_x produces finite output across sample points
ok: post_mirror_y produces finite output across sample points
ok: post_mirror_z produces finite output across sample points
ok: post_polar2 produces finite output across sample points
ok: post_rblur produces finite output across sample points
ok: pre_boarders2 produces finite output across sample points
ok: pre_bwraps2 produces finite output across sample points
ok: pre_dcztransl produces finite output across sample points
ok: pre_polar2 produces finite output across sample points
ok: ripple produces finite output across sample points
ok: sigmoid produces finite output across sample points
ok: sinusgrid produces finite output across sample points
ok: spherical2 produces finite output across sample points
ok: stwin produces finite output across sample points
ok: psphere produces finite output across sample points
ok: wavesn produces finite output across sample points
ok: xheart produces finite output across sample points
ok: xtrb produces finite output across sample points

all checks passed
<end of output>
Test time =   0.02 sec
----------------------------------------------------------
Test Passed.
"all_plugins_smoke_test" end time: Sep 14 11:47 Eastern Daylight Time
"all_plugins_smoke_test" time elapsed: 00:00:00
----------------------------------------------------------

2/55 Testing: auto_frame_test
2/55 Test: auto_frame_test
Command: "C:/Users/andre/Documents/Code/apop_patched/apophysis-cpp/build-release/tests/auto_frame_test.exe"
Directory: C:/Users/andre/Documents/Code/apop_patched/apophysis-cpp/build-release/tests
"auto_frame_test" start time: Sep 14 11:47 Eastern Daylight Time
Output:
----------------------------------------------------------
ok: samplePoints returns exactly `count` points for a well-behaved, bounded flame
ok: samplePoints returns nothing for a flame with no active xforms, instead of crashing
ok: samplePoints is bit-reproducible for the same flame and seed
ok: samplePoints produces different output for a different seed
ok: a real, non-degenerate attractor reports successful framing
ok: autoFrameFlame's center.x lands close to the shifted attractor
ok: autoFrameFlame's center.y lands close to the shifted attractor
ok: a real (non-degenerate) attractor gets a proportional, non-fallback pixelsPerUnit
ok: a tightly-clustered attractor still has enough sampled points to count as framed
ok: a tightly-clustered (near-zero-spread) attractor falls back to pixelsPerUnit=10, matching CalcBoundbox
ok: the fallback still centers on roughly the right point
ok: a flame with no active xforms (too few sampled points) reports failed framing
ok: a flame with no active xforms is left with its center untouched (nothing to sample)
ok: ...and its pixelsPerUnit untouched too

all checks passed
<end of output>
Test time =   0.02 sec
----------------------------------------------------------
Test Passed.
"auto_frame_test" end time: Sep 14 11:47 Eastern Daylight Time
"auto_frame_test" time elapsed: 00:00:00
----------------------------------------------------------

3/55 Testing: baseline_regression_test
3/55 Test: baseline_regression_test
Command: "C:/Users/andre/Documents/Code/apop_patched/apophysis-cpp/build-release/tests/baseline_regression_test.exe"
Directory: C:/Users/andre/Documents/Code/apop_patched/apophysis-cpp/build-release/tests
"baseline_regression_test" start time: Sep 14 11:47 Eastern Daylight Time
Output:
----------------------------------------------------------
ok: baseline fixture 'simple_sierpinski' loads as one flame
ok: baseline fixture 'simple_sierpinski' renders a non-empty image
ok: baseline PNG for 'simple_sierpinski' reads back successfully
ok: fresh render matches baseline dimensions for 'simple_sierpinski'
ok: 'simple_sierpinski' matches its baseline (PSNR=inf dB, threshold=50 dB)
ok: baseline fixture 'swirl_spherical' loads as one flame
ok: baseline fixture 'swirl_spherical' renders a non-empty image
ok: baseline PNG for 'swirl_spherical' reads back successfully
ok: fresh render matches baseline dimensions for 'swirl_spherical'
ok: 'swirl_spherical' matches its baseline (PSNR=inf dB, threshold=50 dB)
ok: baseline fixture 'xaos_blend' loads as one flame
ok: baseline fixture 'xaos_blend' renders a non-empty image
ok: baseline PNG for 'xaos_blend' reads back successfully
ok: fresh render matches baseline dimensions for 'xaos_blend'
ok: 'xaos_blend' matches its baseline (PSNR=inf dB, threshold=50 dB)
ok: baseline fixture 'camera_3d' loads as one flame
ok: baseline fixture 'camera_3d' renders a non-empty image
ok: baseline PNG for 'camera_3d' reads back successfully
ok: fresh render matches baseline dimensions for 'camera_3d'
ok: 'camera_3d' matches its baseline (PSNR=inf dB, threshold=50 dB)
ok: baseline fixture 'final_xform' loads as one flame
ok: baseline fixture 'final_xform' renders a non-empty image
ok: baseline PNG for 'final_xform' reads back successfully
ok: fresh render matches baseline dimensions for 'final_xform'
ok: 'final_xform' matches its baseline (PSNR=inf dB, threshold=50 dB)

all checks passed
<end of output>
Test time =   0.08 sec
----------------------------------------------------------
Test Passed.
"baseline_regression_test" end time: Sep 14 11:47 Eastern Daylight Time
"baseline_regression_test" time elapsed: 00:00:00
----------------------------------------------------------

4/55 Testing: bezier_test
4/55 Test: bezier_test
Command: "C:/Users/andre/Documents/Code/apop_patched/apophysis-cpp/build-release/tests/bezier_test.exe"
Directory: C:/Users/andre/Documents/Code/apop_patched/apophysis-cpp/build-release/tests
"bezier_test" start time: Sep 14 11:47 Eastern Daylight Time
Output:
----------------------------------------------------------
ok: t=0 always lands exactly on P0=(0,0)
ok: t=1 always lands exactly on P3=(1,1)
ok: the default curve's x(t) and y(t) are equal at every t (a straight diagonal)
ok: the default curve's x(t) and y(t) are equal at every t (a straight diagonal)
ok: the default curve's x(t) and y(t) are equal at every t (a straight diagonal)
ok: the default curve's x(t) and y(t) are equal at every t (a straight diagonal)
ok: the default curve's x(t) and y(t) are equal at every t (a straight diagonal)
ok: the default curve's x(t) and y(t) are equal at every t (a straight diagonal)
ok: the default curve's x(t) and y(t) are equal at every t (a straight diagonal)
ok: the default curve's x(t) and y(t) are equal at every t (a straight diagonal)
ok: the default curve's x(t) and y(t) are equal at every t (a straight diagonal)
ok: the default curve's x(t) and y(t) are equal at every t (a straight diagonal)
ok: the default curve's x(t) and y(t) are equal at every t (a straight diagonal)
ok: evalBezierCurve returns exactly solveBezierCurve's y component
ok: pulling P1/P2 upward bends the curve's midpoint above the y=x diagonal
ok: all-zero weights (a degenerate/adversarial curve) resolves to a defined (0,0), not an uninitialized read
ok: two default-constructed curves compare equal
ok: changing a control point makes curves compare unequal

all checks passed
<end of output>
Test time =   0.01 sec
----------------------------------------------------------
Test Passed.
"bezier_test" end time: Sep 14 11:47 Eastern Daylight Time
"bezier_test" time elapsed: 00:00:00
----------------------------------------------------------

5/55 Testing: builtin_gradients_test
5/55 Test: builtin_gradients_test
Command: "C:/Users/andre/Documents/Code/apop_patched/apophysis-cpp/build-release/tests/builtin_gradients_test.exe"
Directory: C:/Users/andre/Documents/Code/apop_patched/apophysis-cpp/build-release/tests
"builtin_gradients_test" start time: Sep 14 11:47 Eastern Daylight Time
Output:
----------------------------------------------------------
ok: cmapdata.pas's cmaps array has exactly 701 entries
ok: gradient 0's name matches CMapNames[0] exactly
ok: gradient 700's name matches CMapNames[700] exactly
ok: every built-in gradient has a unique name (CMapNames' zero-padded index prefix guarantees this)
ok: gradient 0's first entry matches cmapdata.pas's literal RGB values exactly
ok: every built-in gradient entry has full alpha (255)
ok: gradient 700's last entry matches cmapdata.pas's literal RGB values exactly
ok: every one of the 701 gradients decodes to a well-formed 256-entry, fully-opaque ColorMap with a non-empty name

all checks passed
<end of output>
Test time =   0.02 sec
----------------------------------------------------------
Test Passed.
"builtin_gradients_test" end time: Sep 14 11:47 Eastern Daylight Time
"builtin_gradients_test" time elapsed: 00:00:00
----------------------------------------------------------

6/55 Testing: core_smoke_test
6/55 Test: core_smoke_test
Command: "C:/Users/andre/Documents/Code/apop_patched/apophysis-cpp/build-release/tests/core_smoke_test.exe"
Directory: C:/Users/andre/Documents/Code/apop_patched/apophysis-cpp/build-release/tests
"core_smoke_test" start time: Sep 14 11:47 Eastern Daylight Time
Output:
----------------------------------------------------------
ok: identity XForm (linear=1, identity affine) leaves a point unchanged
ok: a freshly constructed XForm's default transOpacity (1) always passes
ok: transOpacity < 1 does not always pass
ok: transOpacity == 0 does not always pass either - only exactly 1.0 does
ok: restoring transOpacity to exactly 1.0 and re-preparing flips it back to true
ok: rotate(90) on an identity XForm produces a 90-degree rotation matrix
ok: VariationRegistry has exactly NRLOCVAR (29) local variation names
ok: local variation 0 is 'linear'
ok: local variation 10 (the Square procedure) is named 'diamond'
ok: local variation 28 is 'post_rotate_y'
ok: parseGradientString succeeds on a well-formed 2-stop gradient
ok: gradient stop at index=0 parses as red (255,0,0)
ok: gradient stop at index=399 (normalized to 255) parses as blue (0,0,255)
ok: midpoint entry is blended (red channel roughly halfway down)
ok: parseGradientString rejects text with no closing brace
ok: a freshly constructed Flame has zero active xforms
ok: each xform defaults to linear=1 (matches XForm::clear())
ok: addXForm on a 1-xform flame appends at index 1
ok: numXForms reflects the newly appended xform
ok: a freshly added xform defaults to density 0.5
ok: a freshly added xform defaults to pure linear
ok: addXForm doesn't touch other xforms' xaos weights toward the new slot - it was already reachable by whatever weight (or the default) that slot already held
ok: addXForm on an already-full flame (kMaxXForms active) is a no-op returning -1
ok: duplicateXForm appends the copy at the next free index
ok: the duplicate is a full copy of the source xform's own fields
ok: every other xform's weight toward the duplicate matches its weight toward the original
ok: the duplicate's own outgoing weights match the original's (via the full-field copy)
ok: the duplicate's self-weight matches the original's self-weight
ok: duplicateXForm on an out-of-range index is a no-op returning -1
ok: removeXForm shrinks numXForms by one
ok: the surviving xforms are re-packed in order (old index 2 slides down to index 1)
ok: column-compaction drops the deleted xform's weight column and shifts later columns left
ok: the row-compacted survivor's own xaos weights were column-compacted too, not just carried over raw
ok: soloXform tracking the deleted xform's higher-indexed neighbor is decremented to match
ok: removeXForm refuses to drop the flame's last remaining xform
ok: auger is registered
ok: pdj is registered
ok: julian is registered
ok: curl3D is registered
ok: auger variation output matches a hand-computed formula for a known point
ok: auger_freq reads its factory default (5) on a never-touched XForm
ok: auger_weight reads its factory default (0.5) on a never-touched XForm
ok: auger_scale reads its factory default (0.1) on a never-touched XForm
ok: auger_sym reads its factory default (0) on a never-touched XForm
ok: an unknown parameter name is rejected
ok: resetVariable on a name owned by a never-touched variation still reports success
ok: ...and the value is still exactly the factory default afterward
ok: resetVariable rejects an unknown parameter name
ok: sanity check: dst's auger_freq is actually customized before assign()
ok: assign() from an untouched source resets a previously-customized parameter back to the factory default
ok: assign() copies a source's customized parameter value onto a destination that never touched it
ok: interpolateVariablesFrom blends x2's customized value against x1's true (unmaterialized) factory default
ok: interpolating two untouched sides (c0+c1==1) leaves the result at the factory default
ok: src's pdj_a is readable before assign()
ok: assign() reproduces a non-deterministic-default source's own frozen value exactly, not a fresh draw
ok: interpolateVariablesFrom blends the two sides' own real (materialized) construction defaults, not two independent fresh draws
ok: julian with power=1, dist=1 takes the CalcPower1 passthrough fast path

all checks passed
<end of output>
Test time =   0.02 sec
----------------------------------------------------------
Test Passed.
"core_smoke_test" end time: Sep 14 11:47 Eastern Daylight Time
"core_smoke_test" time elapsed: 00:00:00
----------------------------------------------------------

7/55 Testing: flame_clone_test
7/55 Test: flame_clone_test
Command: "C:/Users/andre/Documents/Code/apop_patched/apophysis-cpp/build-release/tests/flame_clone_test.exe"
Directory: C:/Users/andre/Documents/Code/apop_patched/apophysis-cpp/build-release/tests
"flame_clone_test" start time: Sep 14 11:47 Eastern Daylight Time
Output:
----------------------------------------------------------
ok: cloneForRender(3) populates xform[0]
ok: cloneForRender(3) populates xform[1]
ok: cloneForRender(3) populates xform[2]
ok: cloneForRender(3) leaves xform[3] (first unused slot) null
ok: cloneForRender(3) leaves the last xform slot null too, not just the first unused one
ok: cloneForRender always populates finalXform regardless of activeXForms
ok: cloneForRender copies each active xform's density correctly
ok: cloneForRender copies each active xform's color correctly
ok: cloneForRender copies each active xform's affine coefficients correctly
ok: cloneForRender copies each active xform's density correctly
ok: cloneForRender copies each active xform's color correctly
ok: cloneForRender copies each active xform's affine coefficients correctly
ok: cloneForRender copies each active xform's density correctly
ok: cloneForRender copies each active xform's color correctly
ok: cloneForRender copies each active xform's affine coefficients correctly
ok: cloneForRender copies each active xform's density correctly
ok: cloneForRender copies each active xform's color correctly
ok: cloneForRender copies each active xform's affine coefficients correctly
ok: cloneForRender copies finalXform's fields correctly
ok: cloneForRender's xform copies are independent of the source (no aliasing)
ok: cloneForRender copies width/height
ok: cloneForRender copies scalar render-parameter fields (gamma/brightness)
ok: cloneForRender copies string fields (name)
ok: cloneForRender copies finalXformEnabled/useFinalXform
ok: cloneForRender(0) leaves every xform slot null
ok: cloneForRender(0) still populates finalXform
ok: an out-of-range activeXForms clamps down to kMaxXForms rather than overrunning the array
ok: a negative activeXForms clamps to 0, not a crash
ok: clone() still populates every xform slot, unlike cloneForRender()
ok: clone() still round-trips numXForms() correctly

all checks passed
<end of output>
Test time =   0.02 sec
----------------------------------------------------------
Test Passed.
"flame_clone_test" end time: Sep 14 11:47 Eastern Daylight Time
"flame_clone_test" time elapsed: 00:00:00
----------------------------------------------------------

8/55 Testing: flame_io_test
8/55 Test: flame_io_test
Command: "C:/Users/andre/Documents/Code/apop_patched/apophysis-cpp/build-release/tests/flame_io_test.exe"
Directory: C:/Users/andre/Documents/Code/apop_patched/apophysis-cpp/build-release/tests
"flame_io_test" start time: Sep 14 11:47 Eastern Daylight Time
Output:
----------------------------------------------------------
ok: saveFlameFile succeeds
ok: loadFlameFile returns exactly one flame
ok: name round-trips
ok: size round-trips
ok: center round-trips
ok: scale (pixelsPerUnit) round-trips
ok: quality (sampleDensity) round-trips
ok: zoom round-trips
ok: angle round-trips (the fixed rotate/angle bug)
ok: vibrancy round-trips
ok: brightness round-trips
ok: gamma round-trips
ok: gamma_threshold round-trips
ok: oversample round-trips
ok: filter (spatialFilterRadius) round-trips
ok: background round-trips exactly (the fixed integer-encoding bug)
ok: camera fields round-trip
ok: estimator fields round-trip
ok: enable_de round-trips
ok: batches round-trips
ok: time round-trips
ok: soloxform round-trips
ok: curves[0] (master channel) points/weight round-trip
ok: curves[1] (red channel) points/weight round-trip
ok: untouched curves[2]/curves[3] (green/blue) stay at the default identity curve
ok: xform count round-trips
ok: xform[0].weight round-trips
ok: xform[0].color round-trips
ok: xform[0].symmetry(color_speed) round-trips
ok: xform[0].opacity round-trips
ok: xform[0].name round-trips
ok: xform[0].coefs round-trip
ok: xform[0] linear weight is 0, not the XForm::clear() default of 1 (variation weights are zeroed before applying file attributes)
ok: xform[0] spherical weight round-trips
ok: xform[1] linear weight round-trips
ok: finalxform presence round-trips
ok: finalxform coefs round-trip
ok: finalxform symmetry/color are forced to 1/0, matching the original
ok: palette round-trips
ok: hand-authored file loads as exactly one flame
ok: hand-authored: name parses
ok: hand-authored: size parses
ok: hand-authored: scale parses
ok: hand-authored: background parses
ok: hand-authored: xform count parses
ok: hand-authored: xform[0] linear=1 parses
ok: hand-authored: xform[1] spherical=1 parses
ok: hand-authored: palette hex parses in order
ok: loading a nonexistent file returns an empty vector, not a crash
ok: saveFlameFile succeeds for a default-curves flame
ok: a flame with only default (untouched) curves omits the `curves` attribute entirely
ok: saveFlameToString produces non-empty XML
ok: saveFlameToString's output looks like a <flame> element
ok: loadFlameFromString returns exactly one flame
ok: name round-trips through the string path
ok: xform count round-trips through the string path
ok: xform coefs round-trip through the string path
ok: finalxform presence round-trips through the string path
ok: loadFlameFromString returns an empty vector for unparseable text, not a crash
ok: saveFlameToString/loadFlameFromString round-trip multiple flames via a <flames> wrapper
ok: multi-flame string round-trip preserves order and names

all checks passed
<end of output>
Test time =   0.04 sec
----------------------------------------------------------
Test Passed.
"flame_io_test" end time: Sep 14 11:47 Eastern Daylight Time
"flame_io_test" time elapsed: 00:00:00
----------------------------------------------------------

9/55 Testing: flame_ops_test
9/55 Test: flame_ops_test
Command: "C:/Users/andre/Documents/Code/apop_patched/apophysis-cpp/build-release/tests/flame_ops_test.exe"
Directory: C:/Users/andre/Documents/Code/apop_patched/apophysis-cpp/build-release/tests
"flame_ops_test" start time: Sep 14 11:47 Eastern Daylight Time
Output:
----------------------------------------------------------
ok: randomizeXformWeights sets every active xform's density into [0, 1)
ok: randomizeXformWeights draws an independent value per xform, not one shared value
ok: randomizeXformWeights leaves inactive xforms (beyond numXForms()) untouched
ok: equalizeXformWeights sets every active xform's density to exactly 0.5, matching ControlPoint.pas's own literal constant (not 1/numXForms)
ok: calculateXformColorValues: first xform gets color 0
ok: calculateXformColorValues: middle xform gets color 0.5 (1/2)
ok: calculateXformColorValues: last xform gets color 1
ok: calculateXformColorValues leaves a single xform's color untouched instead of dividing by (numXForms-1)=0, fixing the original's own real division-by-zero there
ok: randomizeXformColorValues sets every active xform's color into [0, 1)
ok: randomizeXformColorValues draws an independent value per xform, not one shared value
ok: randomizeXformColorValues leaves inactive xforms (beyond numXForms()) untouched

all checks passed
<end of output>
Test time =   0.02 sec
----------------------------------------------------------
Test Passed.
"flame_ops_test" end time: Sep 14 11:47 Eastern Daylight Time
"flame_ops_test" time elapsed: 00:00:00
----------------------------------------------------------

10/55 Testing: gpu_baseline_parity_test
10/55 Test: gpu_baseline_parity_test
Command: "C:/Users/andre/Documents/Code/apop_patched/apophysis-cpp/build-release/tests/gpu_baseline_parity_test.exe"
Directory: C:/Users/andre/Documents/Code/apop_patched/apophysis-cpp/build-release/tests
"gpu_baseline_parity_test" start time: Sep 14 11:47 Eastern Daylight Time
Output:
----------------------------------------------------------
ok: baseline fixture 'simple_sierpinski' loads as one flame
ok: simple_sierpinski: baseline flame is GPU-eligible
ok: simple_sierpinski: CPU render produced pixel data
ok: simple_sierpinski: GPU render produced pixel data
ok: simple_sierpinski: GPU image dimensions/channels match the CPU image
ok: simple_sierpinski: GPU render accepted at least some points
ok: simple_sierpinski: whole-flame CPU vs GPU PSNR 54.4 dB >= 15.0 dB threshold
ok: baseline fixture 'swirl_spherical' loads as one flame
ok: swirl_spherical: baseline flame is GPU-eligible
ok: swirl_spherical: CPU render produced pixel data
ok: swirl_spherical: GPU render produced pixel data
ok: swirl_spherical: GPU image dimensions/channels match the CPU image
ok: swirl_spherical: GPU render accepted at least some points
ok: swirl_spherical: whole-flame CPU vs GPU PSNR 33.1 dB >= 15.0 dB threshold
ok: baseline fixture 'xaos_blend' loads as one flame
ok: xaos_blend: baseline flame is GPU-eligible
ok: xaos_blend: CPU render produced pixel data
ok: xaos_blend: GPU render produced pixel data
ok: xaos_blend: GPU image dimensions/channels match the CPU image
ok: xaos_blend: GPU render accepted at least some points
ok: xaos_blend: whole-flame CPU vs GPU PSNR 27.3 dB >= 15.0 dB threshold
ok: baseline fixture 'camera_3d' loads as one flame
ok: camera_3d: baseline flame is GPU-eligible
ok: camera_3d: CPU render produced pixel data
ok: camera_3d: GPU render produced pixel data
ok: camera_3d: GPU image dimensions/channels match the CPU image
ok: camera_3d: GPU render accepted at least some points
ok: camera_3d: whole-flame CPU vs GPU PSNR 64.3 dB >= 15.0 dB threshold
ok: baseline fixture 'final_xform' loads as one flame
ok: final_xform: baseline flame is GPU-eligible
ok: final_xform: CPU render produced pixel data
ok: final_xform: GPU render produced pixel data
ok: final_xform: GPU image dimensions/channels match the CPU image
ok: final_xform: GPU render accepted at least some points
ok: final_xform: whole-flame CPU vs GPU PSNR 31.8 dB >= 15.0 dB threshold

all checks passed
<end of output>
Test time =   1.62 sec
----------------------------------------------------------
Test Passed.
"gpu_baseline_parity_test" end time: Sep 14 11:47 Eastern Daylight Time
"gpu_baseline_parity_test" time elapsed: 00:00:01
----------------------------------------------------------

11/55 Testing: gpu_progress_control_test
11/55 Test: gpu_progress_control_test
Command: "C:/Users/andre/Documents/Code/apop_patched/apophysis-cpp/build-release/tests/gpu_progress_control_test.exe"
Directory: C:/Users/andre/Documents/Code/apop_patched/apophysis-cpp/build-release/tests
"gpu_progress_control_test" start time: Sep 14 11:47 Eastern Daylight Time
Output:
----------------------------------------------------------
ok: progress: preview-scale test flame is GPU-eligible
ok: progress: pointsTarget starts at 0 before render() is called
ok: progress: GPU render() sets a nonzero pointsTarget
ok: progress: an uncancelled GPU render's pointsDone reaches exactly pointsTarget by completion
ok: progress: the GPU render still produces a real image when a progress token is supplied
ok: cancel: final-scale test flame is GPU-eligible
ok: cancel: a cancelled final-scale GPU render stops with pointsDone short of pointsTarget
ok: cancel: latency from cancelRequested to render thread joining was 0.028s (< 2.0s bound, vs RenderDialog's 0.150s UI poll interval)
ok: pause: final-scale test flame is GPU-eligible
ok: pause: latency from pauseRequested to pointsDone freezing was 0.031s (< 2.0s bound)
ok: pause: pointsDone stays frozen for as long as the GPU render stays paused
ok: pause: clearing pauseRequested lets a paused GPU render reach completion normally
ok: pause+cancel: final-scale test flame is GPU-eligible
ok: pause+cancel: a GPU render cancelled while paused stops short, without needing Resume first
ok: ticks: final-scale test flame is GPU-eligible
ok: ticks: observed 23 distinct progress updates over a 8.812s final-scale GPU render (>= 3 expected - a responsive progress bar, not a single 0%->100% jump)

all checks passed
<end of output>
Test time =  17.39 sec
----------------------------------------------------------
Test Passed.
"gpu_progress_control_test" end time: Sep 14 11:48 Eastern Daylight Time
"gpu_progress_control_test" time elapsed: 00:00:17
----------------------------------------------------------

12/55 Testing: gpu_variation_parity_test
12/55 Test: gpu_variation_parity_test
Command: "C:/Users/andre/Documents/Code/apop_patched/apophysis-cpp/build-release/tests/gpu_variation_parity_test.exe"
Directory: C:/Users/andre/Documents/Code/apop_patched/apophysis-cpp/build-release/tests
"gpu_variation_parity_test" start time: Sep 14 11:48 Eastern Daylight Time
Output:
----------------------------------------------------------
ok: linear: test flame is GPU-eligible
ok: linear: GPU render produced pixel data
ok: linear: GPU image dimensions/channels match the CPU image
ok: linear: GPU render accepted at least some points
ok: linear: CPU vs GPU PSNR 50.6 dB >= 15.0 dB threshold
ok: flatten: test flame is GPU-eligible
ok: flatten: GPU render produced pixel data
ok: flatten: GPU image dimensions/channels match the CPU image
ok: flatten: GPU render accepted at least some points
ok: flatten: CPU vs GPU PSNR 59.5 dB >= 15.0 dB threshold
ok: sinusoidal: test flame is GPU-eligible
ok: sinusoidal: GPU render produced pixel data
ok: sinusoidal: GPU image dimensions/channels match the CPU image
ok: sinusoidal: GPU render accepted at least some points
ok: sinusoidal: CPU vs GPU PSNR 51.8 dB >= 15.0 dB threshold
ok: spherical: test flame is GPU-eligible
ok: spherical: GPU render produced pixel data
ok: spherical: GPU image dimensions/channels match the CPU image
ok: spherical: GPU render accepted at least some points
ok: spherical: CPU vs GPU PSNR 47.5 dB >= 15.0 dB threshold
ok: swirl: test flame is GPU-eligible
ok: swirl: GPU render produced pixel data
ok: swirl: GPU image dimensions/channels match the CPU image
ok: swirl: GPU render accepted at least some points
ok: swirl: CPU vs GPU PSNR 53.9 dB >= 15.0 dB threshold
ok: horseshoe: test flame is GPU-eligible
ok: horseshoe: GPU render produced pixel data
ok: horseshoe: GPU image dimensions/channels match the CPU image
ok: horseshoe: GPU render accepted at least some points
ok: horseshoe: CPU vs GPU PSNR 51.7 dB >= 15.0 dB threshold
ok: polar: test flame is GPU-eligible
ok: polar: GPU render produced pixel data
ok: polar: GPU image dimensions/channels match the CPU image
ok: polar: GPU render accepted at least some points
ok: polar: CPU vs GPU PSNR 52.7 dB >= 15.0 dB threshold
ok: disc: test flame is GPU-eligible
ok: disc: GPU render produced pixel data
ok: disc: GPU image dimensions/channels match the CPU image
ok: disc: GPU render accepted at least some points
ok: disc: CPU vs GPU PSNR 51.9 dB >= 15.0 dB threshold
ok: spiral: test flame is GPU-eligible
ok: spiral: GPU render produced pixel data
ok: spiral: GPU image dimensions/channels match the CPU image
ok: spiral: GPU render accepted at least some points
ok: spiral: CPU vs GPU PSNR 48.8 dB >= 15.0 dB threshold
ok: hyperbolic: test flame is GPU-eligible
ok: hyperbolic: GPU render produced pixel data
ok: hyperbolic: GPU image dimensions/channels match the CPU image
ok: hyperbolic: GPU render accepted at least some points
ok: hyperbolic: CPU vs GPU PSNR 49.8 dB >= 15.0 dB threshold
ok: diamond: test flame is GPU-eligible
ok: diamond: GPU render produced pixel data
ok: diamond: GPU image dimensions/channels match the CPU image
ok: diamond: GPU render accepted at least some points
ok: diamond: CPU vs GPU PSNR 53.3 dB >= 15.0 dB threshold
ok: eyefish: test flame is GPU-eligible
ok: eyefish: GPU render produced pixel data
ok: eyefish: GPU image dimensions/channels match the CPU image
ok: eyefish: GPU render accepted at least some points
ok: eyefish: CPU vs GPU PSNR 51.0 dB >= 15.0 dB threshold
ok: bubble: test flame is GPU-eligible
ok: bubble: GPU render produced pixel data
ok: bubble: GPU image dimensions/channels match the CPU image
ok: bubble: GPU render accepted at least some points
ok: bubble: CPU vs GPU PSNR 53.0 dB >= 15.0 dB threshold
ok: cylinder: test flame is GPU-eligible
ok: cylinder: GPU render produced pixel data
ok: cylinder: GPU image dimensions/channels match the CPU image
ok: cylinder: GPU render accepted at least some points
ok: cylinder: CPU vs GPU PSNR 51.4 dB >= 15.0 dB threshold
ok: noise: test flame is GPU-eligible
ok: noise: GPU render produced pixel data
ok: noise: GPU image dimensions/channels match the CPU image
ok: noise: GPU render accepted at least some points
ok: noise: CPU vs GPU PSNR 50.9 dB >= 15.0 dB threshold
ok: blur: test flame is GPU-eligible
ok: blur: GPU render produced pixel data
ok: blur: GPU image dimensions/channels match the CPU image
ok: blur: GPU render accepted at least some points
ok: blur: CPU vs GPU PSNR 48.3 dB >= 15.0 dB threshold
ok: gaussian_blur: test flame is GPU-eligible
ok: gaussian_blur: GPU render produced pixel data
ok: gaussian_blur: GPU image dimensions/channels match the CPU image
ok: gaussian_blur: GPU render accepted at least some points
ok: gaussian_blur: CPU vs GPU PSNR 48.1 dB >= 15.0 dB threshold
ok: zblur: test flame is GPU-eligible
ok: zblur: GPU render produced pixel data
ok: zblur: GPU image dimensions/channels match the CPU image
ok: zblur: GPU render accepted at least some points
ok: zblur: CPU vs GPU PSNR 60.1 dB >= 15.0 dB threshold
ok: blur3D: test flame is GPU-eligible
ok: blur3D: GPU render produced pixel data
ok: blur3D: GPU image dimensions/channels match the CPU image
ok: blur3D: GPU render accepted at least some points
ok: blur3D: CPU vs GPU PSNR 49.2 dB >= 15.0 dB threshold
ok: pre_blur: test flame is GPU-eligible
ok: pre_blur: GPU render produced pixel data
ok: pre_blur: GPU image dimensions/channels match the CPU image
ok: pre_blur: GPU render accepted at least some points
ok: pre_blur: CPU vs GPU PSNR 60.2 dB >= 15.0 dB threshold
ok: pre_zscale: test flame is GPU-eligible
ok: pre_zscale: GPU render produced pixel data
ok: pre_zscale: GPU image dimensions/channels match the CPU image
ok: pre_zscale: GPU render accepted at least some points
ok: pre_zscale: CPU vs GPU PSNR 59.5 dB >= 15.0 dB threshold
ok: pre_ztranslate: test flame is GPU-eligible
ok: pre_ztranslate: GPU render produced pixel data
ok: pre_ztranslate: GPU image dimensions/channels match the CPU image
ok: pre_ztranslate: GPU render accepted at least some points
ok: pre_ztranslate: CPU vs GPU PSNR 59.5 dB >= 15.0 dB threshold
ok: pre_rotate_x: test flame is GPU-eligible
ok: pre_rotate_x: GPU render produced pixel data
ok: pre_rotate_x: GPU image dimensions/channels match the CPU image
ok: pre_rotate_x: GPU render accepted at least some points
ok: pre_rotate_x: CPU vs GPU PSNR 59.5 dB >= 15.0 dB threshold
ok: pre_rotate_y: test flame is GPU-eligible
ok: pre_rotate_y: GPU render produced pixel data
ok: pre_rotate_y: GPU image dimensions/channels match the CPU image
ok: pre_rotate_y: GPU render accepted at least some points
ok: pre_rotate_y: CPU vs GPU PSNR 59.5 dB >= 15.0 dB threshold
ok: zscale: test flame is GPU-eligible
ok: zscale: GPU render produced pixel data
ok: zscale: GPU image dimensions/channels match the CPU image
ok: zscale: GPU render accepted at least some points
ok: zscale: CPU vs GPU PSNR 59.5 dB >= 15.0 dB threshold
ok: ztranslate: test flame is GPU-eligible
ok: ztranslate: GPU render produced pixel data
ok: ztranslate: GPU image dimensions/channels match the CPU image
ok: ztranslate: GPU render accepted at least some points
ok: ztranslate: CPU vs GPU PSNR 59.5 dB >= 15.0 dB threshold
ok: zcone: test flame is GPU-eligible
ok: zcone: GPU render produced pixel data
ok: zcone: GPU image dimensions/channels match the CPU image
ok: zcone: GPU render accepted at least some points
ok: zcone: CPU vs GPU PSNR 59.5 dB >= 15.0 dB threshold
ok: post_rotate_x: test flame is GPU-eligible
ok: post_rotate_x: GPU render produced pixel data
ok: post_rotate_x: GPU image dimensions/channels match the CPU image
ok: post_rotate_x: GPU render accepted at least some points
ok: post_rotate_x: CPU vs GPU PSNR 59.5 dB >= 15.0 dB threshold
ok: post_rotate_y: test flame is GPU-eligible
ok: post_rotate_y: GPU render produced pixel data
ok: post_rotate_y: GPU image dimensions/channels match the CPU image
ok: post_rotate_y: GPU render accepted at least some points
ok: post_rotate_y: CPU vs GPU PSNR 59.5 dB >= 15.0 dB threshold
ok: auger: test flame is GPU-eligible
ok: auger: GPU render produced pixel data
ok: auger: GPU image dimensions/channels match the CPU image
ok: auger: GPU render accepted at least some points
ok: auger: CPU vs GPU PSNR 48.9 dB >= 15.0 dB threshold
ok: bent: test flame is GPU-eligible
ok: bent: GPU render produced pixel data
ok: bent: GPU image dimensions/channels match the CPU image
ok: bent: GPU render accepted at least some points
ok: bent: CPU vs GPU PSNR 47.6 dB >= 15.0 dB threshold
ok: blob: test flame is GPU-eligible
ok: blob: GPU render produced pixel data
ok: blob: GPU image dimensions/channels match the CPU image
ok: blob: GPU render accepted at least some points
ok: blob: CPU vs GPU PSNR 56.9 dB >= 15.0 dB threshold
ok: cosine: test flame is GPU-eligible
ok: cosine: GPU render produced pixel data
ok: cosine: GPU image dimensions/channels match the CPU image
ok: cosine: GPU render accepted at least some points
ok: cosine: CPU vs GPU PSNR 50.6 dB >= 15.0 dB threshold
ok: cross: test flame is GPU-eligible
ok: cross: GPU render produced pixel data
ok: cross: GPU image dimensions/channels match the CPU image
ok: cross: GPU render accepted at least some points
ok: cross: CPU vs GPU PSNR 46.0 dB >= 15.0 dB threshold
ok: exponential: test flame is GPU-eligible
ok: exponential: GPU render produced pixel data
ok: exponential: GPU image dimensions/channels match the CPU image
ok: exponential: GPU render accepted at least some points
ok: exponential: CPU vs GPU PSNR 56.0 dB >= 15.0 dB threshold
ok: foci: test flame is GPU-eligible
ok: foci: GPU render produced pixel data
ok: foci: GPU image dimensions/channels match the CPU image
ok: foci: GPU render accepted at least some points
ok: foci: CPU vs GPU PSNR 45.9 dB >= 15.0 dB threshold
ok: heart: test flame is GPU-eligible
ok: heart: GPU render produced pixel data
ok: heart: GPU image dimensions/channels match the CPU image
ok: heart: GPU render accepted at least some points
ok: heart: CPU vs GPU PSNR 50.4 dB >= 15.0 dB threshold
ok: hemisphere: test flame is GPU-eligible
ok: hemisphere: GPU render produced pixel data
ok: hemisphere: GPU image dimensions/channels match the CPU image
ok: hemisphere: GPU render accepted at least some points
ok: hemisphere: CPU vs GPU PSNR 53.8 dB >= 15.0 dB threshold
ok: lazysusan: test flame is GPU-eligible
ok: lazysusan: GPU render produced pixel data
ok: lazysusan: GPU image dimensions/channels match the CPU image
ok: lazysusan: GPU render accepted at least some points
ok: lazysusan: CPU vs GPU PSNR 63.4 dB >= 15.0 dB threshold
ok: mobius: test flame is GPU-eligible
ok: mobius: GPU render produced pixel data
ok: mobius: GPU image dimensions/channels match the CPU image
ok: mobius: GPU render accepted at least some points
ok: mobius: CPU vs GPU PSNR 50.6 dB >= 15.0 dB threshold
ok: pdj: test flame is GPU-eligible
ok: pdj: GPU render produced pixel data
ok: pdj: GPU image dimensions/channels match the CPU image
ok: pdj: GPU render accepted at least some points
ok: pdj: CPU vs GPU PSNR 50.9 dB >= 15.0 dB threshold
ok: popcorn: test flame is GPU-eligible
ok: popcorn: GPU render produced pixel data
ok: popcorn: GPU image dimensions/channels match the CPU image
ok: popcorn: GPU render accepted at least some points
ok: popcorn: CPU vs GPU PSNR 47.4 dB >= 15.0 dB threshold
ok: power: test flame is GPU-eligible
ok: power: GPU render produced pixel data
ok: power: GPU image dimensions/channels match the CPU image
ok: power: GPU render accepted at least some points
ok: power: CPU vs GPU PSNR 48.0 dB >= 15.0 dB threshold
ok: pre_sinusoidal: test flame is GPU-eligible
ok: pre_sinusoidal: GPU render produced pixel data
ok: pre_sinusoidal: GPU image dimensions/channels match the CPU image
ok: pre_sinusoidal: GPU render accepted at least some points
ok: pre_sinusoidal: CPU vs GPU PSNR 59.5 dB >= 15.0 dB threshold
ok: pre_spherical: test flame is GPU-eligible
ok: pre_spherical: GPU render produced pixel data
ok: pre_spherical: GPU image dimensions/channels match the CPU image
ok: pre_spherical: GPU render accepted at least some points
ok: pre_spherical: CPU vs GPU PSNR 59.5 dB >= 15.0 dB threshold
ok: secant2: test flame is GPU-eligible
ok: secant2: GPU render produced pixel data
ok: secant2: GPU image dimensions/channels match the CPU image
ok: secant2: GPU render accepted at least some points
ok: secant2: CPU vs GPU PSNR 53.3 dB >= 15.0 dB threshold
ok: separation: test flame is GPU-eligible
ok: separation: GPU render produced pixel data
ok: separation: GPU image dimensions/channels match the CPU image
ok: separation: GPU render accepted at least some points
ok: separation: CPU vs GPU PSNR 51.3 dB >= 15.0 dB threshold
ok: splits: test flame is GPU-eligible
ok: splits: GPU render produced pixel data
ok: splits: GPU image dimensions/channels match the CPU image
ok: splits: GPU render accepted at least some points
ok: splits: CPU vs GPU PSNR 50.6 dB >= 15.0 dB threshold
ok: tangent: test flame is GPU-eligible
ok: tangent: GPU render produced pixel data
ok: tangent: GPU image dimensions/channels match the CPU image
ok: tangent: GPU render accepted at least some points
ok: tangent: CPU vs GPU PSNR 46.5 dB >= 15.0 dB threshold
ok: waves2: test flame is GPU-eligible
ok: waves2: GPU render produced pixel data
ok: waves2: GPU image dimensions/channels match the CPU image
ok: waves2: GPU render accepted at least some points
ok: waves2: CPU vs GPU PSNR 48.0 dB >= 15.0 dB threshold
ok: bipolar: test flame is GPU-eligible
ok: bipolar: GPU render produced pixel data
ok: bipolar: GPU image dimensions/channels match the CPU image
ok: bipolar: GPU render accepted at least some points
ok: bipolar: CPU vs GPU PSNR 54.1 dB >= 15.0 dB threshold
ok: bwraps: test flame is GPU-eligible
ok: bwraps: GPU render produced pixel data
ok: bwraps: GPU image dimensions/channels match the CPU image
ok: bwraps: GPU render accepted at least some points
ok: bwraps: CPU vs GPU PSNR 50.3 dB >= 15.0 dB threshold
ok: curl3D: test flame is GPU-eligible
ok: curl3D: GPU render produced pixel data
ok: curl3D: GPU image dimensions/channels match the CPU image
ok: curl3D: GPU render accepted at least some points
ok: curl3D: CPU vs GPU PSNR 50.6 dB >= 15.0 dB threshold
ok: elliptic: test flame is GPU-eligible
ok: elliptic: GPU render produced pixel data
ok: elliptic: GPU image dimensions/channels match the CPU image
ok: elliptic: GPU render accepted at least some points
ok: elliptic: CPU vs GPU PSNR 54.3 dB >= 15.0 dB threshold
ok: escher: test flame is GPU-eligible
ok: escher: GPU render produced pixel data
ok: escher: GPU image dimensions/channels match the CPU image
ok: escher: GPU render accepted at least some points
ok: escher: CPU vs GPU PSNR 50.6 dB >= 15.0 dB threshold
ok: fan: test flame is GPU-eligible
ok: fan: GPU render produced pixel data
ok: fan: GPU image dimensions/channels match the CPU image
ok: fan: GPU render accepted at least some points
ok: fan: CPU vs GPU PSNR 50.0 dB >= 15.0 dB threshold
ok: fan2: test flame is GPU-eligible
ok: fan2: GPU render produced pixel data
ok: fan2: GPU image dimensions/channels match the CPU image
ok: fan2: GPU render accepted at least some points
ok: fan2: CPU vs GPU PSNR 51.9 dB >= 15.0 dB threshold
ok: log: test flame is GPU-eligible
ok: log: GPU render produced pixel data
ok: log: GPU image dimensions/channels match the CPU image
ok: log: GPU render accepted at least some points
ok: log: CPU vs GPU PSNR 49.9 dB >= 15.0 dB threshold
ok: loonie: test flame is GPU-eligible
ok: loonie: GPU render produced pixel data
ok: loonie: GPU image dimensions/channels match the CPU image
ok: loonie: GPU render accepted at least some points
ok: loonie: CPU vs GPU PSNR 49.1 dB >= 15.0 dB threshold
ok: ngon: test flame is GPU-eligible
ok: ngon: GPU render produced pixel data
ok: ngon: GPU image dimensions/channels match the CPU image
ok: ngon: GPU render accepted at least some points
ok: ngon: CPU vs GPU PSNR 47.2 dB >= 15.0 dB threshold
ok: perspective: test flame is GPU-eligible
ok: perspective: GPU render produced pixel data
ok: perspective: GPU image dimensions/channels match the CPU image
ok: perspective: GPU render accepted at least some points
ok: perspective: CPU vs GPU PSNR 53.4 dB >= 15.0 dB threshold
ok: polar2: test flame is GPU-eligible
ok: polar2: GPU render produced pixel data
ok: polar2: GPU image dimensions/channels match the CPU image
ok: polar2: GPU render accepted at least some points
ok: polar2: CPU vs GPU PSNR 54.4 dB >= 15.0 dB threshold
ok: post_bwraps: test flame is GPU-eligible
ok: post_bwraps: GPU render produced pixel data
ok: post_bwraps: GPU image dimensions/channels match the CPU image
ok: post_bwraps: GPU render accepted at least some points
ok: post_bwraps: CPU vs GPU PSNR 59.5 dB >= 15.0 dB threshold
ok: post_curl: test flame is GPU-eligible
ok: post_curl: GPU render produced pixel data
ok: post_curl: GPU image dimensions/channels match the CPU image
ok: post_curl: GPU render accepted at least some points
ok: post_curl: CPU vs GPU PSNR 59.5 dB >= 15.0 dB threshold
ok: post_curl3D: test flame is GPU-eligible
ok: post_curl3D: GPU render produced pixel data
ok: post_curl3D: GPU image dimensions/channels match the CPU image
ok: post_curl3D: GPU render accepted at least some points
ok: post_curl3D: CPU vs GPU PSNR 59.5 dB >= 15.0 dB threshold
ok: pre_bwraps: test flame is GPU-eligible
ok: pre_bwraps: GPU render produced pixel data
ok: pre_bwraps: GPU image dimensions/channels match the CPU image
ok: pre_bwraps: GPU render accepted at least some points
ok: pre_bwraps: CPU vs GPU PSNR 59.5 dB >= 15.0 dB threshold
ok: pre_disc: test flame is GPU-eligible
ok: pre_disc: GPU render produced pixel data
ok: pre_disc: GPU image dimensions/channels match the CPU image
ok: pre_disc: GPU render accepted at least some points
ok: pre_disc: CPU vs GPU PSNR 59.5 dB >= 15.0 dB threshold
ok: rings: test flame is GPU-eligible
ok: rings: GPU render produced pixel data
ok: rings: GPU image dimensions/channels match the CPU image
ok: rings: GPU render accepted at least some points
ok: rings: CPU vs GPU PSNR 50.6 dB >= 15.0 dB threshold
ok: rings2: test flame is GPU-eligible
ok: rings2: GPU render produced pixel data
ok: rings2: GPU image dimensions/channels match the CPU image
ok: rings2: GPU render accepted at least some points
ok: rings2: CPU vs GPU PSNR 59.5 dB >= 15.0 dB threshold
ok: scry: test flame is GPU-eligible
ok: scry: GPU render produced pixel data
ok: scry: GPU image dimensions/channels match the CPU image
ok: scry: GPU render accepted at least some points
ok: scry: CPU vs GPU PSNR 52.1 dB >= 15.0 dB threshold
ok: waves: test flame is GPU-eligible
ok: waves: GPU render produced pixel data
ok: waves: GPU image dimensions/channels match the CPU image
ok: waves: GPU render accepted at least some points
ok: waves: CPU vs GPU PSNR 49.2 dB >= 15.0 dB threshold
ok: wedge: test flame is GPU-eligible
ok: wedge: GPU render produced pixel data
ok: wedge: GPU image dimensions/channels match the CPU image
ok: wedge: GPU render accepted at least some points
ok: wedge: CPU vs GPU PSNR 52.3 dB >= 15.0 dB threshold
ok: arch: test flame is GPU-eligible
ok: arch: GPU render produced pixel data
ok: arch: GPU image dimensions/channels match the CPU image
ok: arch: GPU render accepted at least some points
ok: arch: CPU vs GPU PSNR 49.3 dB >= 15.0 dB threshold
ok: blade: test flame is GPU-eligible
ok: blade: GPU render produced pixel data
ok: blade: GPU image dimensions/channels match the CPU image
ok: blade: GPU render accepted at least some points
ok: blade: CPU vs GPU PSNR 47.8 dB >= 15.0 dB threshold
ok: blur_circle: test flame is GPU-eligible
ok: blur_circle: GPU render produced pixel data
ok: blur_circle: GPU image dimensions/channels match the CPU image
ok: blur_circle: GPU render accepted at least some points
ok: blur_circle: CPU vs GPU PSNR 48.1 dB >= 15.0 dB threshold
ok: blur_pixelize: test flame is GPU-eligible
ok: blur_pixelize: GPU render produced pixel data
ok: blur_pixelize: GPU image dimensions/channels match the CPU image
ok: blur_pixelize: GPU render accepted at least some points
ok: blur_pixelize: CPU vs GPU PSNR 49.3 dB >= 15.0 dB threshold
ok: blur_zoom: test flame is GPU-eligible
ok: blur_zoom: GPU render produced pixel data
ok: blur_zoom: GPU image dimensions/channels match the CPU image
ok: blur_zoom: GPU render accepted at least some points
ok: blur_zoom: CPU vs GPU PSNR 50.3 dB >= 15.0 dB threshold
ok: crop: test flame is GPU-eligible
ok: crop: GPU render produced pixel data
ok: crop: GPU image dimensions/channels match the CPU image
ok: crop: GPU render accepted at least some points
ok: crop: CPU vs GPU PSNR 50.6 dB >= 15.0 dB threshold
ok: post_crop: test flame is GPU-eligible
ok: post_crop: GPU render produced pixel data
ok: post_crop: GPU image dimensions/channels match the CPU image
ok: post_crop: GPU render accepted at least some points
ok: post_crop: CPU vs GPU PSNR 59.5 dB >= 15.0 dB threshold
ok: pre_crop: test flame is GPU-eligible
ok: pre_crop: GPU render produced pixel data
ok: pre_crop: GPU image dimensions/channels match the CPU image
ok: pre_crop: GPU render accepted at least some points
ok: pre_crop: CPU vs GPU PSNR 59.5 dB >= 15.0 dB threshold
ok: curl: test flame is GPU-eligible
ok: curl: GPU render produced pixel data
ok: curl: GPU image dimensions/channels match the CPU image
ok: curl: GPU render accepted at least some points
ok: curl: CPU vs GPU PSNR 50.6 dB >= 15.0 dB threshold
ok: rectangles: test flame is GPU-eligible
ok: rectangles: GPU render produced pixel data
ok: rectangles: GPU image dimensions/channels match the CPU image
ok: rectangles: GPU render accepted at least some points
ok: rectangles: CPU vs GPU PSNR 50.1 dB >= 15.0 dB threshold
ok: epispiral: test flame is GPU-eligible
ok: epispiral: GPU render produced pixel data
ok: epispiral: GPU image dimensions/channels match the CPU image
ok: epispiral: GPU render accepted at least some points
ok: epispiral: CPU vs GPU PSNR 55.5 dB >= 15.0 dB threshold
ok: pie: test flame is GPU-eligible
ok: pie: GPU render produced pixel data
ok: pie: GPU image dimensions/channels match the CPU image
ok: pie: GPU render accepted at least some points
ok: pie: CPU vs GPU PSNR 49.1 dB >= 15.0 dB threshold
ok: rays: test flame is GPU-eligible
ok: rays: GPU render produced pixel data
ok: rays: GPU image dimensions/channels match the CPU image
ok: rays: GPU render accepted at least some points
ok: rays: CPU vs GPU PSNR 46.5 dB >= 15.0 dB threshold
ok: twintrian: test flame is GPU-eligible
ok: twintrian: GPU render produced pixel data
ok: twintrian: GPU image dimensions/channels match the CPU image
ok: twintrian: GPU render accepted at least some points
ok: twintrian: CPU vs GPU PSNR 52.6 dB >= 15.0 dB threshold
ok: julian: test flame is GPU-eligible
ok: julian: GPU render produced pixel data
ok: julian: GPU image dimensions/channels match the CPU image
ok: julian: GPU render accepted at least some points
ok: julian: CPU vs GPU PSNR 54.4 dB >= 15.0 dB threshold
ok: juliascope: test flame is GPU-eligible
ok: juliascope: GPU render produced pixel data
ok: juliascope: GPU image dimensions/channels match the CPU image
ok: juliascope: GPU render accepted at least some points
ok: juliascope: CPU vs GPU PSNR 53.2 dB >= 15.0 dB threshold
ok: julia3Dz: test flame is GPU-eligible
ok: julia3Dz: GPU render produced pixel data
ok: julia3Dz: GPU image dimensions/channels match the CPU image
ok: julia3Dz: GPU render accepted at least some points
ok: julia3Dz: CPU vs GPU PSNR 54.4 dB >= 15.0 dB threshold
ok: julia3D: test flame is GPU-eligible
ok: julia3D: GPU render produced pixel data
ok: julia3D: GPU image dimensions/channels match the CPU image
ok: julia3D: GPU render accepted at least some points
ok: julia3D: CPU vs GPU PSNR 53.3 dB >= 15.0 dB threshold
ok: radial_blur: test flame is GPU-eligible
ok: radial_blur: GPU render produced pixel data
ok: radial_blur: GPU image dimensions/channels match the CPU image
ok: radial_blur: GPU render accepted at least some points
ok: radial_blur: CPU vs GPU PSNR 35.5 dB >= 15.0 dB threshold
ok: falloff2: test flame is GPU-eligible
ok: falloff2: GPU render produced pixel data
ok: falloff2: GPU image dimensions/channels match the CPU image
ok: falloff2: GPU render accepted at least some points
ok: falloff2: CPU vs GPU PSNR 50.4 dB >= 15.0 dB threshold
ok: post_falloff2: test flame is GPU-eligible
ok: post_falloff2: GPU render produced pixel data
ok: post_falloff2: GPU image dimensions/channels match the CPU image
ok: post_falloff2: GPU render accepted at least some points
ok: post_falloff2: CPU vs GPU PSNR 60.8 dB >= 15.0 dB threshold
ok: pre_falloff2: test flame is GPU-eligible
ok: pre_falloff2: GPU render produced pixel data
ok: pre_falloff2: GPU image dimensions/channels match the CPU image
ok: pre_falloff2: GPU render accepted at least some points
ok: pre_falloff2: CPU vs GPU PSNR 60.8 dB >= 15.0 dB threshold
ok: sinhpow: test flame is GPU-eligible
ok: sinhpow: GPU render produced pixel data
ok: sinhpow: GPU image dimensions/channels match the CPU image
ok: sinhpow: GPU render accepted at least some points
ok: sinhpow: CPU vs GPU PSNR 53.3 dB >= 15.0 dB threshold
ok: sinhpowia: test flame is GPU-eligible
ok: sinhpowia: GPU render produced pixel data
ok: sinhpowia: GPU image dimensions/channels match the CPU image
ok: sinhpowia: GPU render accepted at least some points
ok: sinhpowia: CPU vs GPU PSNR 59.3 dB >= 15.0 dB threshold
ok: float-precision: test flame is GPU-eligible
ok: float-precision: GPU render produced pixel data
ok: float-precision: GPU image dimensions/channels match the CPU image
ok: float-precision: CPU vs GPU PSNR 53.9 dB >= 15.0 dB threshold

all checks passed
<end of output>
Test time =  58.12 sec
----------------------------------------------------------
Test Passed.
"gpu_variation_parity_test" end time: Sep 14 11:49 Eastern Daylight Time
"gpu_variation_parity_test" time elapsed: 00:00:58
----------------------------------------------------------

13/55 Testing: gradient_io_test
13/55 Test: gradient_io_test
Command: "C:/Users/andre/Documents/Code/apop_patched/apophysis-cpp/build-release/tests/gradient_io_test.exe"
Directory: C:/Users/andre/Documents/Code/apop_patched/apophysis-cpp/build-release/tests
"gradient_io_test" start time: Sep 14 11:49 Eastern Daylight Time
Output:
----------------------------------------------------------
ok: loadGradientFile succeeds for a .map file
ok: map: first entry parses
ok: map: last entry parses
ok: map: a middle entry parses
ok: loadGradientFile tolerates a trailing comment on line 1
ok: map: first entry parses correctly despite the trailing comment
ok: map: a file shorter than 256 lines pads with the last entry
ok: loadGradientFile finds a named .ugr block
ok: ugr: the selected block's (not the first block's) color is used - solid green, not the first block's red
ok: loadGradientFile defaults to the first block when unnamed
ok: ugr: the default (first) block starts red (index=0 color=255)
ok: ugr: the default (first) block ends blue (index=399 color=16711680)
ok: loadGradientFile fails for an unknown block name
ok: listUgrGradientNames enumerates both blocks in file order
ok: loading a nonexistent .map file fails cleanly
ok: loading a nonexistent .ugr file fails cleanly

all checks passed
<end of output>
Test time =   0.02 sec
----------------------------------------------------------
Test Passed.
"gradient_io_test" end time: Sep 14 11:49 Eastern Daylight Time
"gradient_io_test" time elapsed: 00:00:00
----------------------------------------------------------

14/55 Testing: gradient_ops_test
14/55 Test: gradient_ops_test
Command: "C:/Users/andre/Documents/Code/apop_patched/apophysis-cpp/build-release/tests/gradient_ops_test.exe"
Directory: C:/Users/andre/Documents/Code/apop_patched/apophysis-cpp/build-release/tests
"gradient_ops_test" start time: Sep 14 11:49 Eastern Daylight Time
Output:
----------------------------------------------------------
ok: rotateGradient(10): entry 10 takes entry 0's old value
ok: rotateGradient(10): entry 0 wraps around to entry 246's old value
ok: rotateGradient(0) is a no-op
ok: invertGradient: entry 0's channels 0 and 1 (0 and 255) invert to (255 and 0)
ok: invertGradient inverts every channel at an arbitrary index
ok: reverseGradient swaps entry 0 and entry 255
ok: reverseGradient mirrors an arbitrary interior index
ok: brightnessShiftGradient adds delta to a mid-range channel value
ok: brightnessShiftGradient clamps at 255 rather than overflowing
ok: brightnessShiftGradient clamps at 0 for a large negative delta
ok: positive contrast pushes an above-midpoint value further from the midpoint
ok: positive contrast pushes a below-midpoint value further from the midpoint (downward)
ok: contrastShiftGradient(0) is a no-op
ok: a full 360-degree hueShiftGradient returns (within rounding) to the original colors
ok: saturationShiftGradient leaves already-gray (fully desaturated) entries untouched
ok: blurGradient excludes the entry itself from its own average
ok: blurGradient(radius=1) averages a spike's two immediate neighbors (spike + 0)/2 = 100
ok: blurGradient(radius=0) is a no-op
ok: frequencyGradient(2): first entry unchanged
ok: frequencyGradient(2): compresses the source by 2x
ok: frequencyGradient(1) is a no-op
ok: randomGradient is deterministic for a fixed seed
ok: randomGradient produces different output for a different seed
ok: adjustScale updates width/height to the requested size
ok: adjustScale doubles pixelsPerUnit when width doubles (100->200)

all checks passed
<end of output>
Test time =   0.02 sec
----------------------------------------------------------
Test Passed.
"gradient_ops_test" end time: Sep 14 11:49 Eastern Daylight Time
"gradient_ops_test" time elapsed: 00:00:00
----------------------------------------------------------

15/55 Testing: mutation_ops_test
15/55 Test: mutation_ops_test
Command: "C:/Users/andre/Documents/Code/apop_patched/apophysis-cpp/build-release/tests/mutation_ops_test.exe"
Directory: C:/Users/andre/Documents/Code/apop_patched/apophysis-cpp/build-release/tests
"mutation_ops_test" start time: Sep 14 11:49 Eastern Daylight Time
Output:
----------------------------------------------------------
ok: randomizeXforms always produces an xform count within [min,max]
ok: randomizeXforms always produces an xform count within [min,max]
ok: randomizeXforms always produces an xform count within [min,max]
ok: randomizeXforms always produces an xform count within [min,max]
ok: randomizeXforms always produces an xform count within [min,max]
ok: randomizeXforms always produces an xform count within [min,max]
ok: randomizeXforms always produces an xform count within [min,max]
ok: randomizeXforms always produces an xform count within [min,max]
ok: randomizeXforms always produces an xform count within [min,max]
ok: randomizeXforms always produces an xform count within [min,max]
ok: randomizeXforms always produces an xform count within [min,max]
ok: randomizeXforms always produces an xform count within [min,max]
ok: randomizeXforms always produces an xform count within [min,max]
ok: randomizeXforms always produces an xform count within [min,max]
ok: randomizeXforms always produces an xform count within [min,max]
ok: randomizeXforms always produces an xform count within [min,max]
ok: randomizeXforms always produces an xform count within [min,max]
ok: randomizeXforms always produces an xform count within [min,max]
ok: randomizeXforms always produces an xform count within [min,max]
ok: randomizeXforms always produces an xform count within [min,max]
ok: randomizeXforms always produces an xform count within [min,max]
ok: randomizeXforms always produces an xform count within [min,max]
ok: randomizeXforms always produces an xform count within [min,max]
ok: randomizeXforms always produces an xform count within [min,max]
ok: randomizeXforms always produces an xform count within [min,max]
ok: randomizeXforms always produces an xform count within [min,max]
ok: randomizeXforms always produces an xform count within [min,max]
ok: randomizeXforms always produces an xform count within [min,max]
ok: randomizeXforms always produces an xform count within [min,max]
ok: randomizeXforms always produces an xform count within [min,max]
ok: randomizeXforms always produces an xform count within [min,max]
ok: randomizeXforms always produces an xform count within [min,max]
ok: randomizeXforms always produces an xform count within [min,max]
ok: randomizeXforms always produces an xform count within [min,max]
ok: randomizeXforms always produces an xform count within [min,max]
ok: randomizeXforms always produces an xform count within [min,max]
ok: randomizeXforms always produces an xform count within [min,max]
ok: randomizeXforms always produces an xform count within [min,max]
ok: randomizeXforms always produces an xform count within [min,max]
ok: randomizeXforms always produces an xform count within [min,max]
ok: randomizeXforms always produces an xform count within [min,max]
ok: randomizeXforms always produces an xform count within [min,max]
ok: randomizeXforms always produces an xform count within [min,max]
ok: randomizeXforms always produces an xform count within [min,max]
ok: randomizeXforms always produces an xform count within [min,max]
ok: randomizeXforms always produces an xform count within [min,max]
ok: randomizeXforms always produces an xform count within [min,max]
ok: randomizeXforms always produces an xform count within [min,max]
ok: randomizeXforms always produces an xform count within [min,max]
ok: randomizeXforms always produces an xform count within [min,max]
ok: same seed -> same xform count
ok: same seed -> identical affine coefficients
ok: same seed -> identical affine coefficients
ok: min==max forces an exact xform count
ok: every xform gets weight 1 on the requested variation
ok: every other variation's weight is exactly 0
ok: every other variation's weight is exactly 0
ok: every other variation's weight is exactly 0
ok: every other variation's weight is exactly 0
ok: every other variation's weight is exactly 0
ok: every other variation's weight is exactly 0
ok: every other variation's weight is exactly 0
ok: every other variation's weight is exactly 0
ok: every other variation's weight is exactly 0
ok: every other variation's weight is exactly 0
ok: every other variation's weight is exactly 0
ok: every other variation's weight is exactly 0
ok: every other variation's weight is exactly 0
ok: every other variation's weight is exactly 0
ok: every other variation's weight is exactly 0
ok: every other variation's weight is exactly 0
ok: every other variation's weight is exactly 0
ok: every other variation's weight is exactly 0
ok: every other variation's weight is exactly 0
ok: every other variation's weight is exactly 0
ok: every other variation's weight is exactly 0
ok: every other variation's weight is exactly 0
ok: every other variation's weight is exactly 0
ok: every other variation's weight is exactly 0
ok: every other variation's weight is exactly 0
ok: every other variation's weight is exactly 0
ok: every other variation's weight is exactly 0
ok: every other variation's weight is exactly 0
ok: every other variation's weight is exactly 0
ok: every other variation's weight is exactly 0
ok: every other variation's weight is exactly 0
ok: every other variation's weight is exactly 0
ok: every other variation's weight is exactly 0
ok: every other variation's weight is exactly 0
ok: every other variation's weight is exactly 0
ok: every other variation's weight is exactly 0
ok: every other variation's weight is exactly 0
ok: every other variation's weight is exactly 0
ok: every other variation's weight is exactly 0
ok: every other variation's weight is exactly 0
ok: every other variation's weight is exactly 0
ok: every other variation's weight is exactly 0
ok: every other variation's weight is exactly 0
ok: every other variation's weight is exactly 0
ok: every other variation's weight is exactly 0
ok: every other variation's weight is exactly 0
ok: every other variation's weight is exactly 0
ok: every other variation's weight is exactly 0
ok: every other variation's weight is exactly 0
ok: every other variation's weight is exactly 0
ok: every other variation's weight is exactly 0
ok: every other variation's weight is exactly 0
ok: every other variation's weight is exactly 0
ok: every other variation's weight is exactly 0
ok: every other variation's weight is exactly 0
ok: every other variation's weight is exactly 0
ok: every other variation's weight is exactly 0
ok: every other variation's weight is exactly 0
ok: every other variation's weight is exactly 0
ok: every other variation's weight is exactly 0
ok: every other variation's weight is exactly 0
ok: every other variation's weight is exactly 0
ok: every other variation's weight is exactly 0
ok: every other variation's weight is exactly 0
ok: every other variation's weight is exactly 0
ok: every other variation's weight is exactly 0
ok: every other variation's weight is exactly 0
ok: every other variation's weight is exactly 0
ok: every other variation's weight is exactly 0
ok: every other variation's weight is exactly 0
ok: every other variation's weight is exactly 0
ok: every other variation's weight is exactly 0
ok: every other variation's weight is exactly 0
ok: every other variation's weight is exactly 0
ok: every other variation's weight is exactly 0
ok: every other variation's weight is exactly 0
ok: every other variation's weight is exactly 0
ok: every other variation's weight is exactly 0
ok: every other variation's weight is exactly 0
ok: every other variation's weight is exactly 0
ok: every other variation's weight is exactly 0
ok: every other variation's weight is exactly 0
ok: every other variation's weight is exactly 0
ok: every other variation's weight is exactly 0
ok: every other variation's weight is exactly 0
ok: every other variation's weight is exactly 0
ok: every other variation's weight is exactly 0
ok: every other variation's weight is exactly 0
ok: every other variation's weight is exactly 0
ok: every other variation's weight is exactly 0
ok: every other variation's weight is exactly 0
ok: every other variation's weight is exactly 0
ok: every other variation's weight is exactly 0
ok: every other variation's weight is exactly 0
ok: every other variation's weight is exactly 0
ok: every other variation's weight is exactly 0
ok: every other variation's weight is exactly 0
ok: every other variation's weight is exactly 0
ok: every other variation's weight is exactly 0
ok: every other variation's weight is exactly 0
ok: every other variation's weight is exactly 0
ok: every other variation's weight is exactly 0
ok: every other variation's weight is exactly 0
ok: every other variation's weight is exactly 0
ok: every other variation's weight is exactly 0
ok: every other variation's weight is exactly 0
ok: every other variation's weight is exactly 0
ok: every other variation's weight is exactly 0
ok: every other variation's weight is exactly 0
ok: every other variation's weight is exactly 0
ok: every other variation's weight is exactly 0
ok: every other variation's weight is exactly 0
ok: every other variation's weight is exactly 0
ok: every other variation's weight is exactly 0
ok: every other variation's weight is exactly 0
ok: every other variation's weight is exactly 0
ok: every other variation's weight is exactly 0
ok: every other variation's weight is exactly 0
ok: every other variation's weight is exactly 0
ok: every other variation's weight is exactly 0
ok: every other variation's weight is exactly 0
ok: every other variation's weight is exactly 0
ok: every other variation's weight is exactly 0
ok: every other variation's weight is exactly 0
ok: every other variation's weight is exactly 0
ok: every other variation's weight is exactly 0
ok: every other variation's weight is exactly 0
ok: every other variation's weight is exactly 0
ok: every other variation's weight is exactly 0
ok: every other variation's weight is exactly 0
ok: every other variation's weight is exactly 0
ok: every other variation's weight is exactly 0
ok: every other variation's weight is exactly 0
ok: every other variation's weight is exactly 0
ok: every other variation's weight is exactly 0
ok: every other variation's weight is exactly 0
ok: every other variation's weight is exactly 0
ok: every other variation's weight is exactly 0
ok: every other variation's weight is exactly 0
ok: every other variation's weight is exactly 0
ok: every other variation's weight is exactly 0
ok: every other variation's weight is exactly 0
ok: every xform gets weight 1 on the requested variation
ok: every other variation's weight is exactly 0
ok: every other variation's weight is exactly 0
ok: every other variation's weight is exactly 0
ok: every other variation's weight is exactly 0
ok: every other variation's weight is exactly 0
ok: every other variation's weight is exactly 0
ok: every other variation's weight is exactly 0
ok: every other variation's weight is exactly 0
ok: every other variation's weight is exactly 0
ok: every other variation's weight is exactly 0
ok: every other variation's weight is exactly 0
ok: every other variation's weight is exactly 0
ok: every other variation's weight is exactly 0
ok: every other variation's weight is exactly 0
ok: every other variation's weight is exactly 0
ok: every other variation's weight is exactly 0
ok: every other variation's weight is exactly 0
ok: every other variation's weight is exactly 0
ok: every other variation's weight is exactly 0
ok: every other variation's weight is exactly 0
ok: every other variation's weight is exactly 0
ok: every other variation's weight is exactly 0
ok: every other variation's weight is exactly 0
ok: every other variation's weight is exactly 0
ok: every other variation's weight is exactly 0
ok: every other variation's weight is exactly 0
ok: every other variation's weight is exactly 0
ok: every other variation's weight is exactly 0
ok: every other variation's weight is exactly 0
ok: every other variation's weight is exactly 0
ok: every other variation's weight is exactly 0
ok: every other variation's weight is exactly 0
ok: every other variation's weight is exactly 0
ok: every other variation's weight is exactly 0
ok: every other variation's weight is exactly 0
ok: every other variation's weight is exactly 0
ok: every other variation's weight is exactly 0
ok: every other variation's weight is exactly 0
ok: every other variation's weight is exactly 0
ok: every other variation's weight is exactly 0
ok: every other variation's weight is exactly 0
ok: every other variation's weight is exactly 0
ok: every other variation's weight is exactly 0
ok: every other variation's weight is exactly 0
ok: every other variation's weight is exactly 0
ok: every other variation's weight is exactly 0
ok: every other variation's weight is exactly 0
ok: every other variation's weight is exactly 0
ok: every other variation's weight is exactly 0
ok: every other variation's weight is exactly 0
ok: every other variation's weight is exactly 0
ok: every other variation's weight is exactly 0
ok: every other variation's weight is exactly 0
ok: every other variation's weight is exactly 0
ok: every other variation's weight is exactly 0
ok: every other variation's weight is exactly 0
ok: every other variation's weight is exactly 0
ok: every other variation's weight is exactly 0
ok: every other variation's weight is exactly 0
ok: every other variation's weight is exactly 0
ok: every other variation's weight is exactly 0
ok: every other variation's weight is exactly 0
ok: every other variation's weight is exactly 0
ok: every other variation's weight is exactly 0
ok: every other variation's weight is exactly 0
ok: every other variation's weight is exactly 0
ok: every other variation's weight is exactly 0
ok: every other variation's weight is exactly 0
ok: every other variation's weight is exactly 0
ok: every other variation's weight is exactly 0
ok: every other variation's weight is exactly 0
ok: every other variation's weight is exactly 0
ok: every other variation's weight is exactly 0
ok: every other variation's weight is exactly 0
ok: every other variation's weight is exactly 0
ok: every other variation's weight is exactly 0
ok: every other variation's weight is exactly 0
ok: every other variation's weight is exactly 0
ok: every other variation's weight is exactly 0
ok: every other variation's weight is exactly 0
ok: every other variation's weight is exactly 0
ok: every other variation's weight is exactly 0
ok: every other variation's weight is exactly 0
ok: every other variation's weight is exactly 0
ok: every other variation's weight is exactly 0
ok: every other variation's weight is exactly 0
ok: every other variation's weight is exactly 0
ok: every other variation's weight is exactly 0
ok: every other variation's weight is exactly 0
ok: every other variation's weight is exactly 0
ok: every other variation's weight is exactly 0
ok: every other variation's weight is exactly 0
ok: every other variation's weight is exactly 0
ok: every other variation's weight is exactly 0
ok: every other variation's weight is exactly 0
ok: every other variation's weight is exactly 0
ok: every other variation's weight is exactly 0
ok: every other variation's weight is exactly 0
ok: every other variation's weight is exactly 0
ok: every other variation's weight is exactly 0
ok: every other variation's weight is exactly 0
ok: every other variation's weight is exactly 0
ok: every other variation's weight is exactly 0
ok: every other variation's weight is exactly 0
ok: every other variation's weight is exactly 0
ok: every other variation's weight is exactly 0
ok: every other variation's weight is exactly 0
ok: every other variation's weight is exactly 0
ok: every other variation's weight is exactly 0
ok: every other variation's weight is exactly 0
ok: every other variation's weight is exactly 0
ok: every other variation's weight is exactly 0
ok: every other variation's weight is exactly 0
ok: every other variation's weight is exactly 0
ok: every other variation's weight is exactly 0
ok: every other variation's weight is exactly 0
ok: every other variation's weight is exactly 0
ok: every other variation's weight is exactly 0
ok: every other variation's weight is exactly 0
ok: every other variation's weight is exactly 0
ok: every other variation's weight is exactly 0
ok: every other variation's weight is exactly 0
ok: every other variation's weight is exactly 0
ok: every other variation's weight is exactly 0
ok: every other variation's weight is exactly 0
ok: every other variation's weight is exactly 0
ok: every other variation's weight is exactly 0
ok: every other variation's weight is exactly 0
ok: every other variation's weight is exactly 0
ok: every other variation's weight is exactly 0
ok: every other variation's weight is exactly 0
ok: every other variation's weight is exactly 0
ok: every other variation's weight is exactly 0
ok: every other variation's weight is exactly 0
ok: every other variation's weight is exactly 0
ok: every other variation's weight is exactly 0
ok: every other variation's weight is exactly 0
ok: every other variation's weight is exactly 0
ok: every other variation's weight is exactly 0
ok: every other variation's weight is exactly 0
ok: every other variation's weight is exactly 0
ok: every other variation's weight is exactly 0
ok: every xform gets weight 1 on the requested variation
ok: every other variation's weight is exactly 0
ok: every other variation's weight is exactly 0
ok: every other variation's weight is exactly 0
ok: every other variation's weight is exactly 0
ok: every other variation's weight is exactly 0
ok: every other variation's weight is exactly 0
ok: every other variation's weight is exactly 0
ok: every other variation's weight is exactly 0
ok: every other variation's weight is exactly 0
ok: every other variation's weight is exactly 0
ok: every other variation's weight is exactly 0
ok: every other variation's weight is exactly 0
ok: every other variation's weight is exactly 0
ok: every other variation's weight is exactly 0
ok: every other variation's weight is exactly 0
ok: every other variation's weight is exactly 0
ok: every other variation's weight is exactly 0
ok: every other variation's weight is exactly 0
ok: every other variation's weight is exactly 0
ok: every other variation's weight is exactly 0
ok: every other variation's weight is exactly 0
ok: every other variation's weight is exactly 0
ok: every other variation's weight is exactly 0
ok: every other variation's weight is exactly 0
ok: every other variation's weight is exactly 0
ok: every other variation's weight is exactly 0
ok: every other variation's weight is exactly 0
ok: every other variation's weight is exactly 0
ok: every other variation's weight is exactly 0
ok: every other variation's weight is exactly 0
ok: every other variation's weight is exactly 0
ok: every other variation's weight is exactly 0
ok: every other variation's weight is exactly 0
ok: every other variation's weight is exactly 0
ok: every other variation's weight is exactly 0
ok: every other variation's weight is exactly 0
ok: every other variation's weight is exactly 0
ok: every other variation's weight is exactly 0
ok: every other variation's weight is exactly 0
ok: every other variation's weight is exactly 0
ok: every other variation's weight is exactly 0
ok: every other variation's weight is exactly 0
ok: every other variation's weight is exactly 0
ok: every other variation's weight is exactly 0
ok: every other variation's weight is exactly 0
ok: every other variation's weight is exactly 0
ok: every other variation's weight is exactly 0
ok: every other variation's weight is exactly 0
ok: every other variation's weight is exactly 0
ok: every other variation's weight is exactly 0
ok: every other variation's weight is exactly 0
ok: every other variation's weight is exactly 0
ok: every other variation's weight is exactly 0
ok: every other variation's weight is exactly 0
ok: every other variation's weight is exactly 0
ok: every other variation's weight is exactly 0
ok: every other variation's weight is exactly 0
[...]
ok: checking Solo sets Flame::soloXform to the selected xform's index
ok: toggling Solo brackets one atomic undo-worthy gesture
ok: unchecking Solo clears Flame::soloXform back to -1
ok: variablesTable found
ok: the table has exactly one row per registered variable
ok: curl_c1 row found
ok: a variable belonging to an unused (zero-weight) variation starts hidden
ok: curl row found in variationsTable
ok: giving the owning variation a nonzero weight reveals its variable row
ok: the revealed row shows the variable's current value
ok: editing a variables-table cell updates the variation's own parameter
ok: the variable edit fires exactly one edit gesture
ok: dropping the owning variation's weight back to 0 hides its variable row again
ok: TransformPanel exposes the six vertex spin boxes
ok: O is seeded as (0,0) for an identity xform
ok: X is seeded as (1,0) for an identity xform
ok: Y is seeded as (0,1) for an identity xform
ok: vertexXX found
ok: editing the X vertex's X field updates XForm::c via coefsFromTriangle
ok: propertyEdited fires while a vertex field is being edited
ok: editingFinished fires once the vertex edit gesture completes
ok: editPostCheck and vertexOX found
ok: starts editing the main transform
ok: checking the box switches to the post transform
ok: editingPostTransformChanged(true) fires exactly once
ok: vertex fields now reflect XForm::p, not XForm::c
ok: setEditingPostTransform updates the panel's state
ok: setEditingPostTransform is a programmatic sync - it does not re-emit editingPostTransformChanged
ok: editPostCheck found
ok: the checkbox itself reflects the programmatic change
ok: rotate90CWButton and rotate90CCWButton found
ok: rotating 90 CW then 90 CCW restores the original triangle
ok: each rotate-90 click brackets its own undo-worthy gesture
ok: flipHorizontalButton found
ok: flipping horizontally once changes the triangle
ok: flipping horizontally twice is an involution - it restores the original triangle
ok: rotate/scale controls found
ok: clicking Rotate changes the active matrix
ok: clicking Scale changes the active matrix
ok: scaling by +100% doubles each vertex's distance from the triangle's own centroid
ok: each button click brackets exactly one undo-worthy gesture
ok: vertexXX found
ok: starts at the identity xform's X vertex
ok: the field doesn't auto-poll - it's still stale before an explicit refresh
ok: refreshTransformTabFromCanvas() re-seeds the vertex fields from the externally-mutated XForm::c
ok: transformNameEdit found
ok: the panel is enabled when the final transform is selected
ok: the header fields are seeded from Flame::finalXform, not Flame::xform[]
ok: editing the name field reaches Flame::finalXform
ok: editing the final transform's name leaves every regular xform's name untouched
ok: selecting kFinalXformIndex while Flame::finalXformEnabled is false shows disabled/blank fields, same as selecting -1
ok: controls found
ok: starts showing xform 0's name
ok: switching selection re-seeds the name field
ok: spiral row found
ok: switching selection re-seeds the variations table

all checks passed
<end of output>
Test time =   0.25 sec
----------------------------------------------------------
Test Passed.
"transform_panel_interaction_test" end time: Sep 14 11:49 Eastern Daylight Time
"transform_panel_interaction_test" time elapsed: 00:00:00
----------------------------------------------------------

46/55 Testing: preview_label_interaction_test
46/55 Test: preview_label_interaction_test
Command: "C:/Users/andre/Documents/Code/apop_patched/apophysis-cpp/build-release/tests/ui/preview_label_interaction_test.exe"
Directory: C:/Users/andre/Documents/Code/apop_patched/apophysis-cpp/build-release/tests/ui
"preview_label_interaction_test" start time: Sep 14 11:49 Eastern Daylight Time
Output:
----------------------------------------------------------
ok: scrolling up (positive angleDelta) increases Flame::zoom - zooms in
ok: an off-center cursor position actually moves Flame::center, not just Flame::zoom
ok: the flame-space point under the cursor is unchanged by the zoom - the defining property of a cursor-anchored zoom, not just a center-anchored one
ok: scrolling down (negative angleDelta) decreases Flame::zoom - zooms out
ok: a single wheel notch fires cameraChanged exactly once
ok: a single wheel notch also fires cameraChangeFinished - already a complete, discrete gesture, unlike a drag
ok: dragging from A to B leaves the flame-space point originally under A now rendered under B - 'grab and drag' panning, matching how image/map viewers behave
ok: the drag actually moved Flame::center
ok: pressing alone (no movement yet) fires neither signal
ok: cameraChanged fires once per mouse-move while dragging (two moves here)
ok: cameraChangeFinished does not fire mid-drag
ok: cameraChangeFinished fires exactly once, on release
ok: with no flame set, neither wheel nor drag gestures emit any camera signal (nothing to mutate)

all checks passed
<end of output>
Test time =   0.05 sec
----------------------------------------------------------
Test Passed.
"preview_label_interaction_test" end time: Sep 14 11:49 Eastern Daylight Time
"preview_label_interaction_test" time elapsed: 00:00:00
----------------------------------------------------------

47/55 Testing: render_all_dialog_interaction_test
47/55 Test: render_all_dialog_interaction_test
Command: "C:/Users/andre/Documents/Code/apop_patched/apophysis-cpp/build-release/tests/ui/render_all_dialog_interaction_test.exe"
Directory: C:/Users/andre/Documents/Code/apop_patched/apophysis-cpp/build-release/tests/ui
"render_all_dialog_interaction_test" start time: Sep 14 11:49 Eastern Daylight Time
Output:
----------------------------------------------------------
ok: RenderAllDialog exposes all its shared-setting controls and the results list
ok: widthSpin seeds from the first flame's width
ok: heightSpin seeds from the first flame's height
ok: densitySpin seeds from the first flame's sampleDensity
ok: oversampleSpin seeds from the first flame's spatialOversample
ok: filterRadiusSpin seeds from the first flame's spatialFilterRadius
ok: adaptiveFilterCheck seeds from the first flame's enableDE
ok: transparentBackgroundCheck seeds from the first flame's transparency
ok: the results list has one entry per flame
ok: the first result entry names the flame and its planned output file
ok: the second result entry names the flame and its planned output file
ok: resultsList found with 4 entries
ok: the first 'dup' flame gets the plain sanitized filename
ok: the second 'dup' flame's filename is de-duplicated rather than colliding with the first
ok: filesystem-illegal characters (':' and '/') are stripped from the output filename
ok: an empty flame name falls back to a non-empty placeholder filename
ok: startButton and overallLabel found
ok: Render All stays disabled with an empty flame list, even with a folder chosen
ok: the overall label reports there's nothing to render
ok: startButton and outputFolderEdit found
ok: Render All is disabled with no output folder chosen
ok: Render All becomes enabled once an output folder is typed in
ok: Render All becomes disabled again if the output folder is cleared
ok: browseButton and outputFolderEdit found
ok: Browse... fills the output folder edit with the chosen directory
ok: controls found
ok: clicking Render All immediately enables Cancel
ok: clicking Render All immediately disables itself (no re-entrant batches)
ok: the whole batch completes within the timeout
ok: the overall label reports both flames succeeded
ok: Alpha.png is a real, decodable PNG at the dialog's configured width/height
ok: Beta.png is a real, decodable PNG at the dialog's configured width/height
ok: both results-list entries are annotated as done once the batch finishes
ok: controls found
ok: Save Parameters starts unchecked
ok: the batch completes within the timeout
ok: checking Save Parameters writes a loadable .flame file next to each rendered PNG
ok: controls found
ok: the batch completes within the timeout
ok: leaving Save Parameters unchecked (the default) writes no .flame files at all
ok: controls found
ok: clicking Cancel immediately disables it, before the worker even responds
ok: a cancelled batch still reaches a finished state within the timeout
ok: the overall label reports the batch was cancelled
ok: Render All is re-enabled again after a cancelled batch

all checks passed
<end of output>
Test time =   0.77 sec
----------------------------------------------------------
Test Passed.
"render_all_dialog_interaction_test" end time: Sep 14 11:49 Eastern Daylight Time
"render_all_dialog_interaction_test" time elapsed: 00:00:00
----------------------------------------------------------

48/55 Testing: smooth_palette_dialog_interaction_test
48/55 Test: smooth_palette_dialog_interaction_test
Command: "C:/Users/andre/Documents/Code/apop_patched/apophysis-cpp/build-release/tests/ui/smooth_palette_dialog_interaction_test.exe"
Directory: C:/Users/andre/Documents/Code/apop_patched/apophysis-cpp/build-release/tests/ui
"smooth_palette_dialog_interaction_test" start time: Sep 14 11:49 Eastern Daylight Time
Output:
----------------------------------------------------------
ok: controls found
ok: the path label starts with a clear empty-state message
ok: Generate starts disabled with no image loaded
ok: Apply starts disabled with no image loaded
ok: controls found
ok: the path label shows the opened file's path
ok: Generate becomes enabled once an image is loaded
ok: Apply becomes enabled automatically - opening an image runs one Generate pass
ok: the preview strip shows a real palette pixmap after opening an image
ok: applyButton found
ok: clicking Apply emits paletteApplied
ok: every entry of the emitted ColorMap is an exact color sampled from the opened image, proving the whole Browse -> algorithm -> Apply pipeline is wired correctly, not just the core function alone
ok: controls found
ok: first Apply emits once
ok: second Apply (after Generate) emits once more
ok: Generate re-samples with a new random seed, producing a different palette from the same image
ok: controls found
ok: the path label reports the load failure
ok: Generate stays disabled after a failed load
ok: Apply stays disabled after a failed load

all checks passed
<end of output>
Test time =   0.14 sec
----------------------------------------------------------
Test Passed.
"smooth_palette_dialog_interaction_test" end time: Sep 14 11:49 Eastern Daylight Time
"smooth_palette_dialog_interaction_test" time elapsed: 00:00:00
----------------------------------------------------------

49/55 Testing: memory_budget_test
49/55 Test: memory_budget_test
Command: "C:/Users/andre/Documents/Code/apop_patched/apophysis-cpp/build-release/tests/ui/memory_budget_test.exe"
Directory: C:/Users/andre/Documents/Code/apop_patched/apophysis-cpp/build-release/tests/ui
"memory_budget_test" start time: Sep 14 11:49 Eastern Daylight Time
Output:
----------------------------------------------------------
ok: a request that comfortably fits the budget is not clamped
ok: an unclamped result keeps the exact requested thread count
ok: the returned estimate matches Renderer::estimatePeakMemoryBytes at the returned thread count
ok: a request whose estimate exceeds the budget is clamped
ok: the clamped thread count is below what was requested
ok: the clamped thread count never drops below 1
ok: the returned estimate matches Renderer::estimatePeakMemoryBytes at the clamped thread count
ok: one thread beyond the clamped count would have exceeded the budget
ok: even a 1-byte budget clamps down to 1 thread, not 0 or negative
ok: reducing all the way to 1 thread still counts as clamped
ok: totalPhysicalRamBytes=0 (unknown) never clamps - fails open, not closed
ok: an unknown RAM figure leaves the requested thread count untouched
ok: requestedThreadCount=0 (Auto) resolves to at least 1 real thread
ok: an unclamped Auto request isn't flagged as clamped
ok: the real-RAM overload returns a sane thread count between 1 and the request

all checks passed
<end of output>
Test time =   0.04 sec
----------------------------------------------------------
Test Passed.
"memory_budget_test" end time: Sep 14 11:49 Eastern Daylight Time
"memory_budget_test" time elapsed: 00:00:00
----------------------------------------------------------

50/55 Testing: update_checker_test
50/55 Test: update_checker_test
Command: "C:/Users/andre/Documents/Code/apop_patched/apophysis-cpp/build-release/tests/ui/update_checker_test.exe"
Directory: C:/Users/andre/Documents/Code/apop_patched/apophysis-cpp/build-release/tests/ui
"update_checker_test" start time: Sep 14 11:49 Eastern Daylight Time
Output:
----------------------------------------------------------
ok: a higher patch version is newer
ok: a lower patch version is not newer
ok: an identical version is not newer
ok: a major bump beats any minor/patch on the other side
ok: 1.0.10 is newer than 1.0.9 (numeric, not lexicographic, compare)
ok: and the reverse correctly isn't newer
ok: a 'v'-prefixed latest version (GitHub's tag_name) compares correctly
ok: a 'v'-prefixed current version compares correctly too
ok: matching versions differing only by 'v'/'V' prefix are equal
ok: a missing trailing component counts as 0 - 1.2 == 1.2.0
ok: 1.2.1 is newer than 1.2 (== 1.2.0)
ok: and 1.2 (== 1.2.0) is not newer than 1.2.1
ok: a non-numeric component counts as 0, not a crash or a false positive

all checks passed
<end of output>
Test time =   0.04 sec
----------------------------------------------------------
Test Passed.
"update_checker_test" end time: Sep 14 11:49 Eastern Daylight Time
"update_checker_test" time elapsed: 00:00:00
----------------------------------------------------------

51/55 Testing: editor_window_interaction_test
51/55 Test: editor_window_interaction_test
Command: "C:/Users/andre/Documents/Code/apop_patched/apophysis-cpp/build-release/tests/ui/editor_window_interaction_test.exe"
Directory: C:/Users/andre/Documents/Code/apop_patched/apophysis-cpp/build-release/tests/ui
"editor_window_interaction_test" start time: Sep 14 11:49 Eastern Daylight Time
Output:
----------------------------------------------------------
ok: test setup: the Editor's initial preview render completes
ok: EditorWindow exposes its quality-dropdown combo box as 'qualityBox'
ok: committing the Editor's quality dropdown shows a live percent/elapsed/remaining status, matching MainWindow's own full-quality preview readout
ok: the status bar still reports the final "Rendered..." message once the render completes

all checks passed
<end of output>
Test time =   1.47 sec
----------------------------------------------------------
Test Passed.
"editor_window_interaction_test" end time: Sep 14 11:49 Eastern Daylight Time
"editor_window_interaction_test" time elapsed: 00:00:01
----------------------------------------------------------

52/55 Testing: window_geometry_test
52/55 Test: window_geometry_test
Command: "C:/Users/andre/Documents/Code/apop_patched/apophysis-cpp/build-release/tests/ui/window_geometry_test.exe"
Directory: C:/Users/andre/Documents/Code/apop_patched/apophysis-cpp/build-release/tests/ui
"window_geometry_test" start time: Sep 14 11:49 Eastern Daylight Time
Output:
----------------------------------------------------------
ok: MainWindow: closing after a resize saves a new geometry
ok: MainWindow: reopening restores the last-used size
ok: EditorWindow: closing after a resize saves a new geometry
ok: EditorWindow: reopening restores the last-used size
ok: PostProcessDialog: closing after a resize saves a new geometry
ok: PostProcessDialog: reopening restores the last-used size
ok: OptionsDialog: closing after a resize saves a new geometry
ok: OptionsDialog: reopening restores the last-used size

all checks passed
<end of output>
Test time =   0.42 sec
----------------------------------------------------------
Test Passed.
"window_geometry_test" end time: Sep 14 11:49 Eastern Daylight Time
"window_geometry_test" time elapsed: 00:00:00
----------------------------------------------------------

53/55 Testing: adjust_panel_interaction_test
53/55 Test: adjust_panel_interaction_test
Command: "C:/Users/andre/Documents/Code/apop_patched/apophysis-cpp/build-release/tests/ui/adjust_panel_interaction_test.exe"
Directory: C:/Users/andre/Documents/Code/apop_patched/apophysis-cpp/build-release/tests/ui
"adjust_panel_interaction_test" start time: Sep 14 11:49 Eastern Daylight Time
Output:
----------------------------------------------------------
ok: AdjustPanel exposes a zoomCtrl SliderSpin
ok: typing into the Zoom spin box updates Flame::zoom
ok: propertyEdited fires at least once for the edit
ok: AdjustPanel exposes a gammaCtrl SliderSpin
ok: editingStarted fires exactly once for a single committed edit
ok: editingFinished fires exactly once for a single committed edit
ok: AdjustPanel exposes gradient mode combo + amount control
ok: the Gradient tab's Rotate mode produces exactly what GradientOps::rotateGradient computes
ok: Size tab controls found
ok: Apply updates Flame::width/height
ok: Apply rescales pixelsPerUnit proportionally
ok: the Apply button click brackets exactly one editingStarted/editingFinished gesture
ok: zoomCtrl found
ok: refreshControlsFromFlame() re-reads Flame::zoom into zoomCtrl

all checks passed
<end of output>
Test time =   0.06 sec
----------------------------------------------------------
Test Passed.
"adjust_panel_interaction_test" end time: Sep 14 11:49 Eastern Daylight Time
"adjust_panel_interaction_test" time elapsed: 00:00:00
----------------------------------------------------------

54/55 Testing: editor_window_adjust_panel_test
54/55 Test: editor_window_adjust_panel_test
Command: "C:/Users/andre/Documents/Code/apop_patched/apophysis-cpp/build-release/tests/ui/editor_window_adjust_panel_test.exe"
Directory: C:/Users/andre/Documents/Code/apop_patched/apophysis-cpp/build-release/tests/ui
"editor_window_adjust_panel_test" start time: Sep 14 11:49 Eastern Daylight Time
Output:
----------------------------------------------------------
ok: EditorWindow exposes adjustAction, rightPanelTabBar, and both panels
ok: TransformPanel is the default page on open
ok: triggering the toolbar's Adjust action selects the Adjust tab
ok: ...and switches the stack to show AdjustPanel
ok: selecting the Transform tab switches back
ok: adjustAction and zoomCtrl found
ok: Ctrl+Z undoes an AdjustPanel edit through EditorWindow's own undo stack, and the still-visible AdjustPanel reflects the reverted value
ok: Ctrl+Shift+Z redoes it

all checks passed
<end of output>
Test time =   0.20 sec
----------------------------------------------------------
Test Passed.
"editor_window_adjust_panel_test" end time: Sep 14 11:49 Eastern Daylight Time
"editor_window_adjust_panel_test" time elapsed: 00:00:00
----------------------------------------------------------

55/55 Testing: editor_splitter_test
55/55 Test: editor_splitter_test
Command: "C:/Users/andre/Documents/Code/apop_patched/apophysis-cpp/build-release/tests/ui/editor_splitter_test.exe"
Directory: C:/Users/andre/Documents/Code/apop_patched/apophysis-cpp/build-release/tests/ui
"editor_splitter_test" start time: Sep 14 11:49 Eastern Daylight Time
Output:
----------------------------------------------------------
ok: EditorWindow exposes its central splitter as "centralSplitter"
ok: closing the editor after a splitter drag saves a new splitter state
ok: the reopened EditorWindow also exposes "centralSplitter"
ok: reopening the editor restores the sidebar to its last-dragged width

all checks passed
<end of output>
Test time =   0.33 sec
----------------------------------------------------------
Test Passed.
"editor_splitter_test" end time: Sep 14 11:49 Eastern Daylight Time
"editor_splitter_test" time elapsed: 00:00:00
----------------------------------------------------------

End testing: Sep 14 11:49 Eastern Daylight Time
